{
  "stats": {
    "suites": 5,
    "tests": 14,
    "passes": 14,
    "pending": 0,
    "failures": 0,
    "start": "2026-06-27T07:44:00.000Z",
    "end": "2026-06-27T07:44:10.000Z",
    "duration": 10000
  },
  "tests": [
    { "title": "test 1" }, { "title": "test 2" }, { "title": "test 3" }, { "title": "test 4" }, { "title": "test 5" },
    { "title": "test 6" }, { "title": "test 7" }, { "title": "test 8" }, { "title": "test 9" }, { "title": "test 10" },
    { "title": "test 11" }, { "title": "test 12" }, { "title": "test 13" }, { "title": "test 14" }
  ],
  "pending": [],
  "failures": [],
  "passes": [
    { "title": "test 1" }, { "title": "test 2" }, { "title": "test 3" }, { "title": "test 4" }, { "title": "test 5" },
    { "title": "test 6" }, { "title": "test 7" }, { "title": "test 8" }, { "title": "test 9" }, { "title": "test 10" },
    { "title": "test 11" }, { "title": "test 12" }, { "title": "test 13" }, { "title": "test 14" }
  ]
}
