{
  "D:/GPP/Comprehensive_Cypress_Test_Coverage/src/mockData.js": {
    "path": "D:/GPP/Comprehensive_Cypress_Test_Coverage/src/mockData.js",
    "statementMap": {
      "0": {
        "start": {
          "line": 1,
          "column": 32
        },
        "end": {
          "line": 27,
          "column": 1
        }
      },
      "1": {
        "start": {
          "line": 2,
          "column": 14
        },
        "end": {
          "line": 2,
          "column": 16
        }
      },
      "2": {
        "start": {
          "line": 3,
          "column": 18
        },
        "end": {
          "line": 8,
          "column": 2
        }
      },
      "3": {
        "start": {
          "line": 9,
          "column": 17
        },
        "end": {
          "line": 14,
          "column": 2
        }
      },
      "4": {
        "start": {
          "line": 15,
          "column": 1
        },
        "end": {
          "line": 25,
          "column": 2
        }
      },
      "5": {
        "start": {
          "line": 15,
          "column": 14
        },
        "end": {
          "line": 15,
          "column": 15
        }
      },
      "6": {
        "start": {
          "line": 16,
          "column": 2
        },
        "end": {
          "line": 24,
          "column": 5
        }
      },
      "7": {
        "start": {
          "line": 26,
          "column": 1
        },
        "end": {
          "line": 26,
          "column": 13
        }
      },
      "8": {
        "start": {
          "line": 28,
          "column": 29
        },
        "end": {
          "line": 64,
          "column": 1
        }
      }
    },
    "fnMap": {
      "0": {
        "name": "(anonymous_0)",
        "decl": {
          "start": {
            "line": 1,
            "column": 32
          },
          "end": {
            "line": 1,
            "column": 33
          }
        },
        "loc": {
          "start": {
            "line": 1,
            "column": 38
          },
          "end": {
            "line": 27,
            "column": 1
          }
        },
        "line": 1
      }
    },
    "branchMap": {},
    "s": {
      "0": 76,
      "1": 78,
      "2": 78,
      "3": 78,
      "4": 78,
      "5": 78,
      "6": 7800,
      "7": 78,
      "8": 76
    },
    "f": {
      "0": 78
    },
    "b": {},
    "inputSourceMap": {
      "mappings": "AAAA,OAAO,MAAM,yBAAyB;CACpC,MAAM,OAAO,CAAC;CACd,MAAM,WAAW;EAAC;EAAU;EAAW;EAAY;CAAQ;CAC3D,MAAM,UAAU;EAAC;EAAiB;EAAU;EAAQ;CAAe;CAEnE,KAAK,IAAI,IAAI,GAAG,KAAK,KAAK,KAAK;EAC7B,KAAK,KAAK;GACR,IAAI;GACJ,MAAM,QAAQ;GACd,OAAO,OAAO,EAAE;GAChB,QAAQ,SAAS,KAAK,MAAM,KAAK,OAAO,IAAI,SAAS,MAAM;GAC3D,QAAQ,QAAQ,KAAK,MAAM,KAAK,OAAO,IAAI,QAAQ,MAAM;GACzD,SAAS,KAAK,MAAM,KAAK,OAAO,IAAI,GAAI,IAAI;GAC5C,YAAY,IAAI,KAAK,KAAK,IAAI,IAAI,KAAK,MAAM,KAAK,OAAO,IAAI,IAAW,CAAC,EAAE,YAAY,EAAE,MAAM,GAAG,EAAE;EACtG,CAAC;CACH;CACA,OAAO;AACT;AAEA,OAAO,MAAM,gBAAgB;CAC3B;EAAE,MAAM;EAAO,SAAS;EAAM,OAAO;CAAK;CAC1C;EAAE,MAAM;EAAO,SAAS;EAAM,OAAO;CAAK;CAC1C;EAAE,MAAM;EAAO,SAAS;EAAM,OAAO;CAAK;CAC1C;EAAE,MAAM;EAAO,SAAS;EAAM,OAAO;CAAK;CAC1C;EAAE,MAAM;EAAO,SAAS;EAAM,OAAO;CAAK;CAC1C;EAAE,MAAM;EAAO,SAAS;EAAM,OAAO;CAAK;CAC1C;EAAE,MAAM;EAAO,SAAS;EAAM,OAAO;CAAK;AAC5C",
      "names": [],
      "sources": [
        "D:/GPP/Comprehensive_Cypress_Test_Coverage/src/mockData.js"
      ],
      "version": 3
    },
    "_coverageSchema": "1a1c01bbd47fc00a2c39e90264f33305004495a9",
    "hash": "910a17086a42fa7279f3dc5856ef80a4fe3693fa"
  },
  "D:/GPP/Comprehensive_Cypress_Test_Coverage/src/pages/Dashboard.jsx": {
    "path": "D:/GPP/Comprehensive_Cypress_Test_Coverage/src/pages/Dashboard.jsx",
    "statementMap": {
      "0": {
        "start": {
          "line": 4,
          "column": 19
        },
        "end": {
          "line": 4,
          "column": 87
        }
      },
      "1": {
        "start": {
          "line": 6,
          "column": 9
        },
        "end": {
          "line": 6,
          "column": 23
        }
      },
      "2": {
        "start": {
          "line": 7,
          "column": 18
        },
        "end": {
          "line": 395,
          "column": 1
        }
      },
      "3": {
        "start": {
          "line": 8,
          "column": 1
        },
        "end": {
          "line": 8,
          "column": 6
        }
      },
      "4": {
        "start": {
          "line": 9,
          "column": 35
        },
        "end": {
          "line": 9,
          "column": 49
        }
      },
      "5": {
        "start": {
          "line": 10,
          "column": 23
        },
        "end": {
          "line": 13,
          "column": 2
        }
      },
      "6": {
        "start": {
          "line": 12,
          "column": 2
        },
        "end": {
          "line": 12,
          "column": 36
        }
      },
      "7": {
        "start": {
          "line": 14,
          "column": 22
        },
        "end": {
          "line": 17,
          "column": 2
        }
      },
      "8": {
        "start": {
          "line": 16,
          "column": 2
        },
        "end": {
          "line": 16,
          "column": 35
        }
      },
      "9": {
        "start": {
          "line": 18,
          "column": 1
        },
        "end": {
          "line": 394,
          "column": 10
        }
      },
      "10": {
        "start": {
          "line": 56,
          "column": 24
        },
        "end": {
          "line": 56,
          "column": 52
        }
      },
      "11": {
        "start": {
          "line": 396,
          "column": 0
        },
        "end": {
          "line": 396,
          "column": 46
        }
      },
      "12": {
        "start": {
          "line": 397,
          "column": 0
        },
        "end": {
          "line": 397,
          "column": 15
        }
      },
      "13": {
        "start": {
          "line": 400,
          "column": 0
        },
        "end": {
          "line": 400,
          "column": 30
        }
      },
      "14": {
        "start": {
          "line": 402,
          "column": 20
        },
        "end": {
          "line": 402,
          "column": 97
        }
      },
      "15": {
        "start": {
          "line": 404,
          "column": 0
        },
        "end": {
          "line": 420,
          "column": 1
        }
      },
      "16": {
        "start": {
          "line": 405,
          "column": 2
        },
        "end": {
          "line": 409,
          "column": 3
        }
      },
      "17": {
        "start": {
          "line": 406,
          "column": 4
        },
        "end": {
          "line": 408,
          "column": 6
        }
      },
      "18": {
        "start": {
          "line": 411,
          "column": 25
        },
        "end": {
          "line": 411,
          "column": 52
        }
      },
      "19": {
        "start": {
          "line": 412,
          "column": 2
        },
        "end": {
          "line": 419,
          "column": 5
        }
      },
      "20": {
        "start": {
          "line": 413,
          "column": 4
        },
        "end": {
          "line": 413,
          "column": 136
        }
      },
      "21": {
        "start": {
          "line": 414,
          "column": 4
        },
        "end": {
          "line": 418,
          "column": 7
        }
      },
      "22": {
        "start": {
          "line": 415,
          "column": 6
        },
        "end": {
          "line": 415,
          "column": 31
        }
      },
      "23": {
        "start": {
          "line": 415,
          "column": 24
        },
        "end": {
          "line": 415,
          "column": 31
        }
      },
      "24": {
        "start": {
          "line": 416,
          "column": 32
        },
        "end": {
          "line": 416,
          "column": 185
        }
      },
      "25": {
        "start": {
          "line": 417,
          "column": 6
        },
        "end": {
          "line": 417,
          "column": 75
        }
      },
      "26": {
        "start": {
          "line": 417,
          "column": 29
        },
        "end": {
          "line": 417,
          "column": 75
        }
      },
      "27": {
        "start": {
          "line": 421,
          "column": 34
        },
        "end": {
          "line": 421,
          "column": 152
        }
      },
      "28": {
        "start": {
          "line": 422,
          "column": 26
        },
        "end": {
          "line": 422,
          "column": 86
        }
      }
    },
    "fnMap": {
      "0": {
        "name": "(anonymous_0)",
        "decl": {
          "start": {
            "line": 7,
            "column": 18
          },
          "end": {
            "line": 7,
            "column": 19
          }
        },
        "loc": {
          "start": {
            "line": 7,
            "column": 24
          },
          "end": {
            "line": 395,
            "column": 1
          }
        },
        "line": 7
      },
      "1": {
        "name": "(anonymous_1)",
        "decl": {
          "start": {
            "line": 10,
            "column": 23
          },
          "end": {
            "line": 10,
            "column": 24
          }
        },
        "loc": {
          "start": {
            "line": 10,
            "column": 29
          },
          "end": {
            "line": 13,
            "column": 2
          }
        },
        "line": 10
      },
      "2": {
        "name": "(anonymous_2)",
        "decl": {
          "start": {
            "line": 14,
            "column": 22
          },
          "end": {
            "line": 14,
            "column": 23
          }
        },
        "loc": {
          "start": {
            "line": 14,
            "column": 28
          },
          "end": {
            "line": 17,
            "column": 2
          }
        },
        "line": 14
      },
      "3": {
        "name": "(anonymous_3)",
        "decl": {
          "start": {
            "line": 56,
            "column": 17
          },
          "end": {
            "line": 56,
            "column": 18
          }
        },
        "loc": {
          "start": {
            "line": 56,
            "column": 24
          },
          "end": {
            "line": 56,
            "column": 52
          }
        },
        "line": 56
      },
      "4": {
        "name": "(anonymous_4)",
        "decl": {
          "start": {
            "line": 412,
            "column": 17
          },
          "end": {
            "line": 412,
            "column": 18
          }
        },
        "loc": {
          "start": {
            "line": 412,
            "column": 23
          },
          "end": {
            "line": 419,
            "column": 3
          }
        },
        "line": 412
      },
      "5": {
        "name": "(anonymous_5)",
        "decl": {
          "start": {
            "line": 414,
            "column": 27
          },
          "end": {
            "line": 414,
            "column": 28
          }
        },
        "loc": {
          "start": {
            "line": 414,
            "column": 44
          },
          "end": {
            "line": 418,
            "column": 5
          }
        },
        "line": 414
      },
      "6": {
        "name": "$RefreshReg$",
        "decl": {
          "start": {
            "line": 421,
            "column": 9
          },
          "end": {
            "line": 421,
            "column": 21
          }
        },
        "loc": {
          "start": {
            "line": 421,
            "column": 32
          },
          "end": {
            "line": 421,
            "column": 154
          }
        },
        "line": 421
      },
      "7": {
        "name": "$RefreshSig$",
        "decl": {
          "start": {
            "line": 422,
            "column": 9
          },
          "end": {
            "line": 422,
            "column": 21
          }
        },
        "loc": {
          "start": {
            "line": 422,
            "column": 24
          },
          "end": {
            "line": 422,
            "column": 88
          }
        },
        "line": 422
      }
    },
    "branchMap": {
      "0": {
        "loc": {
          "start": {
            "line": 402,
            "column": 20
          },
          "end": {
            "line": 402,
            "column": 97
          }
        },
        "type": "binary-expr",
        "locations": [
          {
            "start": {
              "line": 402,
              "column": 20
            },
            "end": {
              "line": 402,
              "column": 60
            }
          },
          {
            "start": {
              "line": 402,
              "column": 64
            },
            "end": {
              "line": 402,
              "column": 97
            }
          }
        ],
        "line": 402
      },
      "1": {
        "loc": {
          "start": {
            "line": 404,
            "column": 0
          },
          "end": {
            "line": 420,
            "column": 1
          }
        },
        "type": "if",
        "locations": [
          {
            "start": {
              "line": 404,
              "column": 0
            },
            "end": {
              "line": 420,
              "column": 1
            }
          },
          {
            "start": {},
            "end": {}
          }
        ],
        "line": 404
      },
      "2": {
        "loc": {
          "start": {
            "line": 404,
            "column": 4
          },
          "end": {
            "line": 404,
            "column": 35
          }
        },
        "type": "binary-expr",
        "locations": [
          {
            "start": {
              "line": 404,
              "column": 4
            },
            "end": {
              "line": 404,
              "column": 19
            }
          },
          {
            "start": {
              "line": 404,
              "column": 23
            },
            "end": {
              "line": 404,
              "column": 35
            }
          }
        ],
        "line": 404
      },
      "3": {
        "loc": {
          "start": {
            "line": 405,
            "column": 2
          },
          "end": {
            "line": 409,
            "column": 3
          }
        },
        "type": "if",
        "locations": [
          {
            "start": {
              "line": 405,
              "column": 2
            },
            "end": {
              "line": 409,
              "column": 3
            }
          },
          {
            "start": {},
            "end": {}
          }
        ],
        "line": 405
      },
      "4": {
        "loc": {
          "start": {
            "line": 415,
            "column": 6
          },
          "end": {
            "line": 415,
            "column": 31
          }
        },
        "type": "if",
        "locations": [
          {
            "start": {
              "line": 415,
              "column": 6
            },
            "end": {
              "line": 415,
              "column": 31
            }
          },
          {
            "start": {},
            "end": {}
          }
        ],
        "line": 415
      },
      "5": {
        "loc": {
          "start": {
            "line": 417,
            "column": 6
          },
          "end": {
            "line": 417,
            "column": 75
          }
        },
        "type": "if",
        "locations": [
          {
            "start": {
              "line": 417,
              "column": 6
            },
            "end": {
              "line": 417,
              "column": 75
            }
          },
          {
            "start": {},
            "end": {}
          }
        ],
        "line": 417
      }
    },
    "s": {
      "0": 76,
      "1": 76,
      "2": 76,
      "3": 68,
      "4": 68,
      "5": 68,
      "6": 5,
      "7": 68,
      "8": 5,
      "9": 68,
      "10": 4,
      "11": 76,
      "12": 76,
      "13": 76,
      "14": 76,
      "15": 76,
      "16": 76,
      "17": 0,
      "18": 76,
      "19": 76,
      "20": 76,
      "21": 76,
      "22": 0,
      "23": 0,
      "24": 0,
      "25": 0,
      "26": 0,
      "27": 76,
      "28": 76
    },
    "f": {
      "0": 68,
      "1": 5,
      "2": 5,
      "3": 4,
      "4": 76,
      "5": 0,
      "6": 76,
      "7": 76
    },
    "b": {
      "0": [
        76,
        0
      ],
      "1": [
        76,
        0
      ],
      "2": [
        76,
        76
      ],
      "3": [
        0,
        76
      ],
      "4": [
        0,
        0
      ],
      "5": [
        0,
        0
      ]
    },
    "inputSourceMap": {
      "mappings": "AAAA,OAAO,SAAS,gBAAgB;AAChC,SAAS,UAAU,KAAK,OAAO,OAAO,eAAe,SAAS,qBAAqB,WAAW,YAAY;AAC1G,SAAS,qBAAqB;;;;AAE9B,MAAM,kBAAkB;;CACtB,MAAM,CAAC,WAAW,gBAAgB,SAAS,IAAI;CAE/C,MAAM,sBAAsB;;EAE1B,QAAQ,IAAI,oBAAoB;CAClC;CAEA,MAAM,qBAAqB;;EAEzB,QAAQ,IAAI,mBAAmB;CACjC;CAEA,OACE,wBAAC,OAAD;EAAK,eAAY;EAAsB,WAAU;EAAQ,OAAO,EAAE,SAAS,OAAO;YAAlF;GACE,wBAAC,OAAD;IAAK,WAAU;cAAf,CACE,wBAAC,OAAD,aACE,wBAAC,MAAD;KAAI,OAAO,EAAE,QAAQ,eAAe;eAAG;IAAsB;;;;cAC7D,wBAAC,KAAD;KAAG,OAAO;MAAE,QAAQ;MAAG,OAAO;KAAwB;eAAG;IAA4C;;;;YAClG;;;;cAEL,wBAAC,OAAD;KAAK,OAAO;MAAE,SAAS;MAAQ,KAAK;MAAQ,YAAY;KAAS;eAAjE;MACE,wBAAC,UAAD;OACE,eAAY;OACZ,OAAO;OACP,WAAW,MAAM,aAAa,EAAE,OAAO,KAAK;OAC5C,OAAO,EAAE,OAAO,OAAO;iBAJzB;QAME,wBAAC,UAAD;SAAQ,OAAM;mBAAK;QAAmB;;;;;QACtC,wBAAC,UAAD;SAAQ,OAAM;mBAAM;QAAoB;;;;;QACxC,wBAAC,UAAD;SAAQ,OAAM;mBAAM;QAAoB;;;;;OAClC;;;;;;MAER,wBAAC,UAAD;OAAQ,eAAY;OAAiB,WAAU;OAAoB,SAAS;iBAAe;MAEnF;;;;;MAER,wBAAC,UAAD;OAAQ,eAAY;OAAgB,WAAU;OAAM,SAAS;iBAAc;MAEnE;;;;;KACL;;;;;YACF;;;;;;GAEL,wBAAC,OAAD;IAAK,WAAU;cAAf;KACE,wBAAC,OAAD;MAAK,eAAY;MAAoB,WAAU;gBAA/C;OACE,wBAAC,MAAD,YAAI,cAAe;;;;;OACnB,wBAAC,KAAD;QAAG,WAAU;kBAAQ;OAAS;;;;;OAC9B,wBAAC,KAAD;QAAG,OAAO;SAAE,OAAO;SAAkB,QAAQ;SAAK,UAAU;QAAW;kBAAG;OAAwB;;;;;MAC/F;;;;;;KAEL,wBAAC,OAAD;MAAK,eAAY;MAAsB,WAAU;gBAAjD;OACE,wBAAC,MAAD,YAAI,gBAAiB;;;;;OACrB,wBAAC,KAAD;QAAG,WAAU;kBAAQ;OAAU;;;;;OAC/B,wBAAC,KAAD;QAAG,OAAO;SAAE,OAAO;SAAkB,QAAQ;SAAK,UAAU;QAAW;kBAAG;OAAuB;;;;;MAC9F;;;;;;KAEL,wBAAC,OAAD;MAAK,eAAY;MAAyB,WAAU;gBAApD;OACE,wBAAC,MAAD,YAAI,kBAAmB;;;;;OACvB,wBAAC,KAAD;QAAG,WAAU;kBAAQ;OAAQ;;;;;OAC7B,wBAAC,KAAD;QAAG,OAAO;SAAE,OAAO;SAAiB,QAAQ;SAAK,UAAU;QAAW;kBAAG;OAAyB;;;;;MAC/F;;;;;;IACF;;;;;;GAEL,wBAAC,OAAD;IAAK,WAAU;cAAf,CACE,wBAAC,OAAD;KAAK,WAAU;KAAwB,eAAY;eAAnD,CACE,wBAAC,MAAD,YAAI,mBAAoB;;;;eACxB,wBAAC,qBAAD;MAAqB,OAAM;MAAO,QAAO;MAAO,WAAW;gBACzD,wBAAC,UAAD;OAAU,MAAM;iBAAhB;QACE,wBAAC,eAAD;SAAe,iBAAgB;SAAM,QAAO;QAAiB;;;;;QAC7D,wBAAC,OAAD;SAAO,SAAQ;SAAO,QAAO;QAAyB;;;;;QACtD,wBAAC,OAAD,EAAO,QAAO,wBAAyB;;;;;QACvC,wBAAC,SAAD;SACE,cAAc;UAAE,iBAAiB;UAAqB,aAAa;SAAgB;SACnF,WAAW,EAAE,OAAO,sBAAsB;QAC3C;;;;;QACD,wBAAC,KAAD;SAAK,SAAQ;SAAU,MAAK;SAAgB,QAAQ;UAAC;UAAG;UAAG;UAAG;SAAC;QAAI;;;;;OAC3D;;;;;;KACS;;;;aAClB;;;;;cAEL,wBAAC,OAAD;KAAK,WAAU;KAAwB,eAAY;eAAnD,CACE,wBAAC,MAAD,YAAI,cAAe;;;;eACnB,wBAAC,qBAAD;MAAqB,OAAM;MAAO,QAAO;MAAO,WAAW;gBACzD,wBAAC,WAAD;OAAW,MAAM;iBAAjB;QACE,wBAAC,eAAD;SAAe,iBAAgB;SAAM,QAAO;QAAiB;;;;;QAC7D,wBAAC,OAAD;SAAO,SAAQ;SAAO,QAAO;QAAyB;;;;;QACtD,wBAAC,OAAD,EAAO,QAAO,wBAAyB;;;;;QACvC,wBAAC,SAAD;SACE,cAAc;UAAE,iBAAiB;UAAqB,aAAa;SAAgB;SACnF,WAAW,EAAE,OAAO,sBAAsB;QAC3C;;;;;QACD,wBAAC,MAAD;SAAM,MAAK;SAAW,SAAQ;SAAQ,QAAO;SAAiB,aAAa;SAAG,KAAK,EAAE,GAAG,EAAE;QAAI;;;;;OACrF;;;;;;KACQ;;;;aAClB;;;;;YACF;;;;;;EACF;;;;;;AAET;;;AAEA,eAAe",
      "names": [],
      "sources": [
        "D:/GPP/Comprehensive_Cypress_Test_Coverage/src/pages/Dashboard.jsx"
      ],
      "version": 3
    },
    "_coverageSchema": "1a1c01bbd47fc00a2c39e90264f33305004495a9",
    "hash": "8b1a942a8a9f73fcf57f493e75a2a16d24a80fb2"
  },
  "D:/GPP/Comprehensive_Cypress_Test_Coverage/src/pages/DataTable.jsx": {
    "path": "D:/GPP/Comprehensive_Cypress_Test_Coverage/src/pages/DataTable.jsx",
    "statementMap": {
      "0": {
        "start": {
          "line": 4,
          "column": 19
        },
        "end": {
          "line": 4,
          "column": 87
        }
      },
      "1": {
        "start": {
          "line": 6,
          "column": 9
        },
        "end": {
          "line": 6,
          "column": 23
        }
      },
      "2": {
        "start": {
          "line": 7,
          "column": 18
        },
        "end": {
          "line": 408,
          "column": 1
        }
      },
      "3": {
        "start": {
          "line": 8,
          "column": 1
        },
        "end": {
          "line": 8,
          "column": 6
        }
      },
      "4": {
        "start": {
          "line": 9,
          "column": 25
        },
        "end": {
          "line": 9,
          "column": 37
        }
      },
      "5": {
        "start": {
          "line": 10,
          "column": 39
        },
        "end": {
          "line": 10,
          "column": 51
        }
      },
      "6": {
        "start": {
          "line": 11,
          "column": 37
        },
        "end": {
          "line": 14,
          "column": 3
        }
      },
      "7": {
        "start": {
          "line": 15,
          "column": 39
        },
        "end": {
          "line": 15,
          "column": 50
        }
      },
      "8": {
        "start": {
          "line": 16,
          "column": 33
        },
        "end": {
          "line": 16,
          "column": 45
        }
      },
      "9": {
        "start": {
          "line": 17,
          "column": 1
        },
        "end": {
          "line": 19,
          "column": 8
        }
      },
      "10": {
        "start": {
          "line": 18,
          "column": 2
        },
        "end": {
          "line": 18,
          "column": 30
        }
      },
      "11": {
        "start": {
          "line": 20,
          "column": 20
        },
        "end": {
          "line": 29,
          "column": 2
        }
      },
      "12": {
        "start": {
          "line": 21,
          "column": 18
        },
        "end": {
          "line": 21,
          "column": 23
        }
      },
      "13": {
        "start": {
          "line": 22,
          "column": 2
        },
        "end": {
          "line": 24,
          "column": 3
        }
      },
      "14": {
        "start": {
          "line": 23,
          "column": 3
        },
        "end": {
          "line": 23,
          "column": 22
        }
      },
      "15": {
        "start": {
          "line": 25,
          "column": 2
        },
        "end": {
          "line": 28,
          "column": 5
        }
      },
      "16": {
        "start": {
          "line": 30,
          "column": 22
        },
        "end": {
          "line": 32,
          "column": 24
        }
      },
      "17": {
        "start": {
          "line": 31,
          "column": 2
        },
        "end": {
          "line": 31,
          "column": 129
        }
      },
      "18": {
        "start": {
          "line": 31,
          "column": 31
        },
        "end": {
          "line": 31,
          "column": 127
        }
      },
      "19": {
        "start": {
          "line": 31,
          "column": 65
        },
        "end": {
          "line": 31,
          "column": 126
        }
      },
      "20": {
        "start": {
          "line": 33,
          "column": 20
        },
        "end": {
          "line": 47,
          "column": 31
        }
      },
      "21": {
        "start": {
          "line": 34,
          "column": 22
        },
        "end": {
          "line": 34,
          "column": 39
        }
      },
      "22": {
        "start": {
          "line": 35,
          "column": 2
        },
        "end": {
          "line": 45,
          "column": 3
        }
      },
      "23": {
        "start": {
          "line": 36,
          "column": 3
        },
        "end": {
          "line": 44,
          "column": 6
        }
      },
      "24": {
        "start": {
          "line": 37,
          "column": 4
        },
        "end": {
          "line": 39,
          "column": 5
        }
      },
      "25": {
        "start": {
          "line": 38,
          "column": 5
        },
        "end": {
          "line": 38,
          "column": 52
        }
      },
      "26": {
        "start": {
          "line": 40,
          "column": 4
        },
        "end": {
          "line": 42,
          "column": 5
        }
      },
      "27": {
        "start": {
          "line": 41,
          "column": 5
        },
        "end": {
          "line": 41,
          "column": 52
        }
      },
      "28": {
        "start": {
          "line": 43,
          "column": 4
        },
        "end": {
          "line": 43,
          "column": 13
        }
      },
      "29": {
        "start": {
          "line": 46,
          "column": 2
        },
        "end": {
          "line": 46,
          "column": 23
        }
      },
      "30": {
        "start": {
          "line": 49,
          "column": 20
        },
        "end": {
          "line": 49,
          "column": 72
        }
      },
      "31": {
        "start": {
          "line": 50,
          "column": 1
        },
        "end": {
          "line": 54,
          "column": 31
        }
      },
      "32": {
        "start": {
          "line": 51,
          "column": 2
        },
        "end": {
          "line": 53,
          "column": 3
        }
      },
      "33": {
        "start": {
          "line": 52,
          "column": 3
        },
        "end": {
          "line": 52,
          "column": 30
        }
      },
      "34": {
        "start": {
          "line": 55,
          "column": 23
        },
        "end": {
          "line": 62,
          "column": 3
        }
      },
      "35": {
        "start": {
          "line": 56,
          "column": 21
        },
        "end": {
          "line": 56,
          "column": 49
        }
      },
      "36": {
        "start": {
          "line": 57,
          "column": 2
        },
        "end": {
          "line": 57,
          "column": 61
        }
      },
      "37": {
        "start": {
          "line": 63,
          "column": 17
        },
        "end": {
          "line": 92,
          "column": 2
        }
      },
      "38": {
        "start": {
          "line": 93,
          "column": 21
        },
        "end": {
          "line": 111,
          "column": 2
        }
      },
      "39": {
        "start": {
          "line": 94,
          "column": 2
        },
        "end": {
          "line": 101,
          "column": 11
        }
      },
      "40": {
        "start": {
          "line": 94,
          "column": 30
        },
        "end": {
          "line": 101,
          "column": 11
        }
      },
      "41": {
        "start": {
          "line": 102,
          "column": 2
        },
        "end": {
          "line": 110,
          "column": 11
        }
      },
      "42": {
        "start": {
          "line": 112,
          "column": 1
        },
        "end": {
          "line": 407,
          "column": 10
        }
      },
      "43": {
        "start": {
          "line": 149,
          "column": 23
        },
        "end": {
          "line": 149,
          "column": 53
        }
      },
      "44": {
        "start": {
          "line": 180,
          "column": 7
        },
        "end": {
          "line": 180,
          "column": 43
        }
      },
      "45": {
        "start": {
          "line": 181,
          "column": 7
        },
        "end": {
          "line": 181,
          "column": 25
        }
      },
      "46": {
        "start": {
          "line": 237,
          "column": 140
        },
        "end": {
          "line": 263,
          "column": 13
        }
      },
      "47": {
        "start": {
          "line": 239,
          "column": 21
        },
        "end": {
          "line": 239,
          "column": 40
        }
      },
      "48": {
        "start": {
          "line": 271,
          "column": 137
        },
        "end": {
          "line": 296,
          "column": 13
        }
      },
      "49": {
        "start": {
          "line": 273,
          "column": 53
        },
        "end": {
          "line": 291,
          "column": 14
        }
      },
      "50": {
        "start": {
          "line": 354,
          "column": 22
        },
        "end": {
          "line": 354,
          "column": 63
        }
      },
      "51": {
        "start": {
          "line": 354,
          "column": 44
        },
        "end": {
          "line": 354,
          "column": 62
        }
      },
      "52": {
        "start": {
          "line": 383,
          "column": 22
        },
        "end": {
          "line": 383,
          "column": 72
        }
      },
      "53": {
        "start": {
          "line": 383,
          "column": 44
        },
        "end": {
          "line": 383,
          "column": 71
        }
      },
      "54": {
        "start": {
          "line": 409,
          "column": 0
        },
        "end": {
          "line": 409,
          "column": 46
        }
      },
      "55": {
        "start": {
          "line": 410,
          "column": 0
        },
        "end": {
          "line": 410,
          "column": 15
        }
      },
      "56": {
        "start": {
          "line": 413,
          "column": 0
        },
        "end": {
          "line": 413,
          "column": 30
        }
      },
      "57": {
        "start": {
          "line": 415,
          "column": 20
        },
        "end": {
          "line": 415,
          "column": 97
        }
      },
      "58": {
        "start": {
          "line": 417,
          "column": 0
        },
        "end": {
          "line": 433,
          "column": 1
        }
      },
      "59": {
        "start": {
          "line": 418,
          "column": 2
        },
        "end": {
          "line": 422,
          "column": 3
        }
      },
      "60": {
        "start": {
          "line": 419,
          "column": 4
        },
        "end": {
          "line": 421,
          "column": 6
        }
      },
      "61": {
        "start": {
          "line": 424,
          "column": 25
        },
        "end": {
          "line": 424,
          "column": 52
        }
      },
      "62": {
        "start": {
          "line": 425,
          "column": 2
        },
        "end": {
          "line": 432,
          "column": 5
        }
      },
      "63": {
        "start": {
          "line": 426,
          "column": 4
        },
        "end": {
          "line": 426,
          "column": 136
        }
      },
      "64": {
        "start": {
          "line": 427,
          "column": 4
        },
        "end": {
          "line": 431,
          "column": 7
        }
      },
      "65": {
        "start": {
          "line": 428,
          "column": 6
        },
        "end": {
          "line": 428,
          "column": 31
        }
      },
      "66": {
        "start": {
          "line": 428,
          "column": 24
        },
        "end": {
          "line": 428,
          "column": 31
        }
      },
      "67": {
        "start": {
          "line": 429,
          "column": 32
        },
        "end": {
          "line": 429,
          "column": 185
        }
      },
      "68": {
        "start": {
          "line": 430,
          "column": 6
        },
        "end": {
          "line": 430,
          "column": 75
        }
      },
      "69": {
        "start": {
          "line": 430,
          "column": 29
        },
        "end": {
          "line": 430,
          "column": 75
        }
      },
      "70": {
        "start": {
          "line": 434,
          "column": 34
        },
        "end": {
          "line": 434,
          "column": 152
        }
      },
      "71": {
        "start": {
          "line": 435,
          "column": 26
        },
        "end": {
          "line": 435,
          "column": 86
        }
      }
    },
    "fnMap": {
      "0": {
        "name": "(anonymous_0)",
        "decl": {
          "start": {
            "line": 7,
            "column": 18
          },
          "end": {
            "line": 7,
            "column": 19
          }
        },
        "loc": {
          "start": {
            "line": 7,
            "column": 24
          },
          "end": {
            "line": 408,
            "column": 1
          }
        },
        "line": 7
      },
      "1": {
        "name": "(anonymous_1)",
        "decl": {
          "start": {
            "line": 17,
            "column": 11
          },
          "end": {
            "line": 17,
            "column": 12
          }
        },
        "loc": {
          "start": {
            "line": 17,
            "column": 17
          },
          "end": {
            "line": 19,
            "column": 2
          }
        },
        "line": 17
      },
      "2": {
        "name": "(anonymous_2)",
        "decl": {
          "start": {
            "line": 20,
            "column": 20
          },
          "end": {
            "line": 20,
            "column": 21
          }
        },
        "loc": {
          "start": {
            "line": 20,
            "column": 29
          },
          "end": {
            "line": 29,
            "column": 2
          }
        },
        "line": 20
      },
      "3": {
        "name": "(anonymous_3)",
        "decl": {
          "start": {
            "line": 30,
            "column": 30
          },
          "end": {
            "line": 30,
            "column": 31
          }
        },
        "loc": {
          "start": {
            "line": 30,
            "column": 36
          },
          "end": {
            "line": 32,
            "column": 2
          }
        },
        "line": 30
      },
      "4": {
        "name": "(anonymous_4)",
        "decl": {
          "start": {
            "line": 31,
            "column": 21
          },
          "end": {
            "line": 31,
            "column": 22
          }
        },
        "loc": {
          "start": {
            "line": 31,
            "column": 31
          },
          "end": {
            "line": 31,
            "column": 127
          }
        },
        "line": 31
      },
      "5": {
        "name": "(anonymous_5)",
        "decl": {
          "start": {
            "line": 31,
            "column": 56
          },
          "end": {
            "line": 31,
            "column": 57
          }
        },
        "loc": {
          "start": {
            "line": 31,
            "column": 65
          },
          "end": {
            "line": 31,
            "column": 126
          }
        },
        "line": 31
      },
      "6": {
        "name": "(anonymous_6)",
        "decl": {
          "start": {
            "line": 33,
            "column": 28
          },
          "end": {
            "line": 33,
            "column": 29
          }
        },
        "loc": {
          "start": {
            "line": 33,
            "column": 34
          },
          "end": {
            "line": 47,
            "column": 2
          }
        },
        "line": 33
      },
      "7": {
        "name": "(anonymous_7)",
        "decl": {
          "start": {
            "line": 36,
            "column": 22
          },
          "end": {
            "line": 36,
            "column": 23
          }
        },
        "loc": {
          "start": {
            "line": 36,
            "column": 32
          },
          "end": {
            "line": 44,
            "column": 4
          }
        },
        "line": 36
      },
      "8": {
        "name": "(anonymous_8)",
        "decl": {
          "start": {
            "line": 50,
            "column": 11
          },
          "end": {
            "line": 50,
            "column": 12
          }
        },
        "loc": {
          "start": {
            "line": 50,
            "column": 17
          },
          "end": {
            "line": 54,
            "column": 2
          }
        },
        "line": 50
      },
      "9": {
        "name": "(anonymous_9)",
        "decl": {
          "start": {
            "line": 55,
            "column": 31
          },
          "end": {
            "line": 55,
            "column": 32
          }
        },
        "loc": {
          "start": {
            "line": 55,
            "column": 37
          },
          "end": {
            "line": 58,
            "column": 2
          }
        },
        "line": 55
      },
      "10": {
        "name": "(anonymous_10)",
        "decl": {
          "start": {
            "line": 93,
            "column": 21
          },
          "end": {
            "line": 93,
            "column": 22
          }
        },
        "loc": {
          "start": {
            "line": 93,
            "column": 30
          },
          "end": {
            "line": 111,
            "column": 2
          }
        },
        "line": 93
      },
      "11": {
        "name": "(anonymous_11)",
        "decl": {
          "start": {
            "line": 149,
            "column": 16
          },
          "end": {
            "line": 149,
            "column": 17
          }
        },
        "loc": {
          "start": {
            "line": 149,
            "column": 23
          },
          "end": {
            "line": 149,
            "column": 53
          }
        },
        "line": 149
      },
      "12": {
        "name": "(anonymous_12)",
        "decl": {
          "start": {
            "line": 179,
            "column": 16
          },
          "end": {
            "line": 179,
            "column": 17
          }
        },
        "loc": {
          "start": {
            "line": 179,
            "column": 23
          },
          "end": {
            "line": 182,
            "column": 7
          }
        },
        "line": 179
      },
      "13": {
        "name": "(anonymous_13)",
        "decl": {
          "start": {
            "line": 237,
            "column": 115
          },
          "end": {
            "line": 237,
            "column": 116
          }
        },
        "loc": {
          "start": {
            "line": 237,
            "column": 140
          },
          "end": {
            "line": 263,
            "column": 13
          }
        },
        "line": 237
      },
      "14": {
        "name": "(anonymous_14)",
        "decl": {
          "start": {
            "line": 239,
            "column": 15
          },
          "end": {
            "line": 239,
            "column": 16
          }
        },
        "loc": {
          "start": {
            "line": 239,
            "column": 21
          },
          "end": {
            "line": 239,
            "column": 40
          }
        },
        "line": 239
      },
      "15": {
        "name": "(anonymous_15)",
        "decl": {
          "start": {
            "line": 271,
            "column": 105
          },
          "end": {
            "line": 271,
            "column": 106
          }
        },
        "loc": {
          "start": {
            "line": 271,
            "column": 137
          },
          "end": {
            "line": 296,
            "column": 13
          }
        },
        "line": 271
      },
      "16": {
        "name": "(anonymous_16)",
        "decl": {
          "start": {
            "line": 273,
            "column": 28
          },
          "end": {
            "line": 273,
            "column": 29
          }
        },
        "loc": {
          "start": {
            "line": 273,
            "column": 53
          },
          "end": {
            "line": 291,
            "column": 14
          }
        },
        "line": 273
      },
      "17": {
        "name": "(anonymous_17)",
        "decl": {
          "start": {
            "line": 354,
            "column": 16
          },
          "end": {
            "line": 354,
            "column": 17
          }
        },
        "loc": {
          "start": {
            "line": 354,
            "column": 22
          },
          "end": {
            "line": 354,
            "column": 63
          }
        },
        "line": 354
      },
      "18": {
        "name": "(anonymous_18)",
        "decl": {
          "start": {
            "line": 354,
            "column": 37
          },
          "end": {
            "line": 354,
            "column": 38
          }
        },
        "loc": {
          "start": {
            "line": 354,
            "column": 44
          },
          "end": {
            "line": 354,
            "column": 62
          }
        },
        "line": 354
      },
      "19": {
        "name": "(anonymous_19)",
        "decl": {
          "start": {
            "line": 383,
            "column": 16
          },
          "end": {
            "line": 383,
            "column": 17
          }
        },
        "loc": {
          "start": {
            "line": 383,
            "column": 22
          },
          "end": {
            "line": 383,
            "column": 72
          }
        },
        "line": 383
      },
      "20": {
        "name": "(anonymous_20)",
        "decl": {
          "start": {
            "line": 383,
            "column": 37
          },
          "end": {
            "line": 383,
            "column": 38
          }
        },
        "loc": {
          "start": {
            "line": 383,
            "column": 44
          },
          "end": {
            "line": 383,
            "column": 71
          }
        },
        "line": 383
      },
      "21": {
        "name": "(anonymous_21)",
        "decl": {
          "start": {
            "line": 425,
            "column": 17
          },
          "end": {
            "line": 425,
            "column": 18
          }
        },
        "loc": {
          "start": {
            "line": 425,
            "column": 23
          },
          "end": {
            "line": 432,
            "column": 3
          }
        },
        "line": 425
      },
      "22": {
        "name": "(anonymous_22)",
        "decl": {
          "start": {
            "line": 427,
            "column": 27
          },
          "end": {
            "line": 427,
            "column": 28
          }
        },
        "loc": {
          "start": {
            "line": 427,
            "column": 44
          },
          "end": {
            "line": 431,
            "column": 5
          }
        },
        "line": 427
      },
      "23": {
        "name": "$RefreshReg$",
        "decl": {
          "start": {
            "line": 434,
            "column": 9
          },
          "end": {
            "line": 434,
            "column": 21
          }
        },
        "loc": {
          "start": {
            "line": 434,
            "column": 32
          },
          "end": {
            "line": 434,
            "column": 154
          }
        },
        "line": 434
      },
      "24": {
        "name": "$RefreshSig$",
        "decl": {
          "start": {
            "line": 435,
            "column": 9
          },
          "end": {
            "line": 435,
            "column": 21
          }
        },
        "loc": {
          "start": {
            "line": 435,
            "column": 24
          },
          "end": {
            "line": 435,
            "column": 88
          }
        },
        "line": 435
      }
    },
    "branchMap": {
      "0": {
        "loc": {
          "start": {
            "line": 22,
            "column": 2
          },
          "end": {
            "line": 24,
            "column": 3
          }
        },
        "type": "if",
        "locations": [
          {
            "start": {
              "line": 22,
              "column": 2
            },
            "end": {
              "line": 24,
              "column": 3
            }
          },
          {
            "start": {},
            "end": {}
          }
        ],
        "line": 22
      },
      "1": {
        "loc": {
          "start": {
            "line": 22,
            "column": 6
          },
          "end": {
            "line": 22,
            "column": 62
          }
        },
        "type": "binary-expr",
        "locations": [
          {
            "start": {
              "line": 22,
              "column": 6
            },
            "end": {
              "line": 22,
              "column": 28
            }
          },
          {
            "start": {
              "line": 22,
              "column": 32
            },
            "end": {
              "line": 22,
              "column": 62
            }
          }
        ],
        "line": 22
      },
      "2": {
        "loc": {
          "start": {
            "line": 35,
            "column": 2
          },
          "end": {
            "line": 45,
            "column": 3
          }
        },
        "type": "if",
        "locations": [
          {
            "start": {
              "line": 35,
              "column": 2
            },
            "end": {
              "line": 45,
              "column": 3
            }
          },
          {
            "start": {},
            "end": {}
          }
        ],
        "line": 35
      },
      "3": {
        "loc": {
          "start": {
            "line": 37,
            "column": 4
          },
          "end": {
            "line": 39,
            "column": 5
          }
        },
        "type": "if",
        "locations": [
          {
            "start": {
              "line": 37,
              "column": 4
            },
            "end": {
              "line": 39,
              "column": 5
            }
          },
          {
            "start": {},
            "end": {}
          }
        ],
        "line": 37
      },
      "4": {
        "loc": {
          "start": {
            "line": 38,
            "column": 12
          },
          "end": {
            "line": 38,
            "column": 51
          }
        },
        "type": "cond-expr",
        "locations": [
          {
            "start": {
              "line": 38,
              "column": 45
            },
            "end": {
              "line": 38,
              "column": 47
            }
          },
          {
            "start": {
              "line": 38,
              "column": 50
            },
            "end": {
              "line": 38,
              "column": 51
            }
          }
        ],
        "line": 38
      },
      "5": {
        "loc": {
          "start": {
            "line": 40,
            "column": 4
          },
          "end": {
            "line": 42,
            "column": 5
          }
        },
        "type": "if",
        "locations": [
          {
            "start": {
              "line": 40,
              "column": 4
            },
            "end": {
              "line": 42,
              "column": 5
            }
          },
          {
            "start": {},
            "end": {}
          }
        ],
        "line": 40
      },
      "6": {
        "loc": {
          "start": {
            "line": 41,
            "column": 12
          },
          "end": {
            "line": 41,
            "column": 51
          }
        },
        "type": "cond-expr",
        "locations": [
          {
            "start": {
              "line": 41,
              "column": 45
            },
            "end": {
              "line": 41,
              "column": 46
            }
          },
          {
            "start": {
              "line": 41,
              "column": 49
            },
            "end": {
              "line": 41,
              "column": 51
            }
          }
        ],
        "line": 41
      },
      "7": {
        "loc": {
          "start": {
            "line": 51,
            "column": 2
          },
          "end": {
            "line": 53,
            "column": 3
          }
        },
        "type": "if",
        "locations": [
          {
            "start": {
              "line": 51,
              "column": 2
            },
            "end": {
              "line": 53,
              "column": 3
            }
          },
          {
            "start": {},
            "end": {}
          }
        ],
        "line": 51
      },
      "8": {
        "loc": {
          "start": {
            "line": 94,
            "column": 2
          },
          "end": {
            "line": 101,
            "column": 11
          }
        },
        "type": "if",
        "locations": [
          {
            "start": {
              "line": 94,
              "column": 2
            },
            "end": {
              "line": 101,
              "column": 11
            }
          },
          {
            "start": {},
            "end": {}
          }
        ],
        "line": 94
      },
      "9": {
        "loc": {
          "start": {
            "line": 102,
            "column": 9
          },
          "end": {
            "line": 110,
            "column": 10
          }
        },
        "type": "cond-expr",
        "locations": [
          {
            "start": {
              "line": 102,
              "column": 58
            },
            "end": {
              "line": 106,
              "column": 10
            }
          },
          {
            "start": {
              "line": 106,
              "column": 29
            },
            "end": {
              "line": 110,
              "column": 10
            }
          }
        ],
        "line": 102
      },
      "10": {
        "loc": {
          "start": {
            "line": 271,
            "column": 60
          },
          "end": {
            "line": 311,
            "column": 13
          }
        },
        "type": "cond-expr",
        "locations": [
          {
            "start": {
              "line": 271,
              "column": 87
            },
            "end": {
              "line": 296,
              "column": 14
            }
          },
          {
            "start": {
              "line": 296,
              "column": 33
            },
            "end": {
              "line": 311,
              "column": 13
            }
          }
        ],
        "line": 271
      },
      "11": {
        "loc": {
          "start": {
            "line": 273,
            "column": 79
          },
          "end": {
            "line": 287,
            "column": 29
          }
        },
        "type": "cond-expr",
        "locations": [
          {
            "start": {
              "line": 273,
              "column": 118
            },
            "end": {
              "line": 287,
              "column": 14
            }
          },
          {
            "start": {
              "line": 287,
              "column": 17
            },
            "end": {
              "line": 287,
              "column": 29
            }
          }
        ],
        "line": 273
      },
      "12": {
        "loc": {
          "start": {
            "line": 279,
            "column": 25
          },
          "end": {
            "line": 279,
            "column": 162
          }
        },
        "type": "cond-expr",
        "locations": [
          {
            "start": {
              "line": 279,
              "column": 53
            },
            "end": {
              "line": 279,
              "column": 78
            }
          },
          {
            "start": {
              "line": 279,
              "column": 81
            },
            "end": {
              "line": 279,
              "column": 162
            }
          }
        ],
        "line": 279
      },
      "13": {
        "loc": {
          "start": {
            "line": 279,
            "column": 81
          },
          "end": {
            "line": 279,
            "column": 162
          }
        },
        "type": "cond-expr",
        "locations": [
          {
            "start": {
              "line": 279,
              "column": 110
            },
            "end": {
              "line": 279,
              "column": 135
            }
          },
          {
            "start": {
              "line": 279,
              "column": 138
            },
            "end": {
              "line": 279,
              "column": 162
            }
          }
        ],
        "line": 279
      },
      "14": {
        "loc": {
          "start": {
            "line": 280,
            "column": 15
          },
          "end": {
            "line": 280,
            "column": 105
          }
        },
        "type": "cond-expr",
        "locations": [
          {
            "start": {
              "line": 280,
              "column": 43
            },
            "end": {
              "line": 280,
              "column": 52
            }
          },
          {
            "start": {
              "line": 280,
              "column": 55
            },
            "end": {
              "line": 280,
              "column": 105
            }
          }
        ],
        "line": 280
      },
      "15": {
        "loc": {
          "start": {
            "line": 280,
            "column": 55
          },
          "end": {
            "line": 280,
            "column": 105
          }
        },
        "type": "cond-expr",
        "locations": [
          {
            "start": {
              "line": 280,
              "column": 84
            },
            "end": {
              "line": 280,
              "column": 93
            }
          },
          {
            "start": {
              "line": 280,
              "column": 96
            },
            "end": {
              "line": 280,
              "column": 105
            }
          }
        ],
        "line": 280
      },
      "16": {
        "loc": {
          "start": {
            "line": 336,
            "column": 6
          },
          "end": {
            "line": 336,
            "column": 68
          }
        },
        "type": "cond-expr",
        "locations": [
          {
            "start": {
              "line": 336,
              "column": 32
            },
            "end": {
              "line": 336,
              "column": 33
            }
          },
          {
            "start": {
              "line": 336,
              "column": 36
            },
            "end": {
              "line": 336,
              "column": 68
            }
          }
        ],
        "line": 336
      },
      "17": {
        "loc": {
          "start": {
            "line": 355,
            "column": 17
          },
          "end": {
            "line": 355,
            "column": 61
          }
        },
        "type": "binary-expr",
        "locations": [
          {
            "start": {
              "line": 355,
              "column": 17
            },
            "end": {
              "line": 355,
              "column": 34
            }
          },
          {
            "start": {
              "line": 355,
              "column": 38
            },
            "end": {
              "line": 355,
              "column": 61
            }
          }
        ],
        "line": 355
      },
      "18": {
        "loc": {
          "start": {
            "line": 384,
            "column": 17
          },
          "end": {
            "line": 384,
            "column": 69
          }
        },
        "type": "binary-expr",
        "locations": [
          {
            "start": {
              "line": 384,
              "column": 17
            },
            "end": {
              "line": 384,
              "column": 42
            }
          },
          {
            "start": {
              "line": 384,
              "column": 46
            },
            "end": {
              "line": 384,
              "column": 69
            }
          }
        ],
        "line": 384
      },
      "19": {
        "loc": {
          "start": {
            "line": 415,
            "column": 20
          },
          "end": {
            "line": 415,
            "column": 97
          }
        },
        "type": "binary-expr",
        "locations": [
          {
            "start": {
              "line": 415,
              "column": 20
            },
            "end": {
              "line": 415,
              "column": 60
            }
          },
          {
            "start": {
              "line": 415,
              "column": 64
            },
            "end": {
              "line": 415,
              "column": 97
            }
          }
        ],
        "line": 415
      },
      "20": {
        "loc": {
          "start": {
            "line": 417,
            "column": 0
          },
          "end": {
            "line": 433,
            "column": 1
          }
        },
        "type": "if",
        "locations": [
          {
            "start": {
              "line": 417,
              "column": 0
            },
            "end": {
              "line": 433,
              "column": 1
            }
          },
          {
            "start": {},
            "end": {}
          }
        ],
        "line": 417
      },
      "21": {
        "loc": {
          "start": {
            "line": 417,
            "column": 4
          },
          "end": {
            "line": 417,
            "column": 35
          }
        },
        "type": "binary-expr",
        "locations": [
          {
            "start": {
              "line": 417,
              "column": 4
            },
            "end": {
              "line": 417,
              "column": 19
            }
          },
          {
            "start": {
              "line": 417,
              "column": 23
            },
            "end": {
              "line": 417,
              "column": 35
            }
          }
        ],
        "line": 417
      },
      "22": {
        "loc": {
          "start": {
            "line": 418,
            "column": 2
          },
          "end": {
            "line": 422,
            "column": 3
          }
        },
        "type": "if",
        "locations": [
          {
            "start": {
              "line": 418,
              "column": 2
            },
            "end": {
              "line": 422,
              "column": 3
            }
          },
          {
            "start": {},
            "end": {}
          }
        ],
        "line": 418
      },
      "23": {
        "loc": {
          "start": {
            "line": 428,
            "column": 6
          },
          "end": {
            "line": 428,
            "column": 31
          }
        },
        "type": "if",
        "locations": [
          {
            "start": {
              "line": 428,
              "column": 6
            },
            "end": {
              "line": 428,
              "column": 31
            }
          },
          {
            "start": {},
            "end": {}
          }
        ],
        "line": 428
      },
      "24": {
        "loc": {
          "start": {
            "line": 430,
            "column": 6
          },
          "end": {
            "line": 430,
            "column": 75
          }
        },
        "type": "if",
        "locations": [
          {
            "start": {
              "line": 430,
              "column": 6
            },
            "end": {
              "line": 430,
              "column": 75
            }
          },
          {
            "start": {},
            "end": {}
          }
        ],
        "line": 430
      }
    },
    "s": {
      "0": 76,
      "1": 76,
      "2": 76,
      "3": 580,
      "4": 580,
      "5": 580,
      "6": 580,
      "7": 580,
      "8": 580,
      "9": 580,
      "10": 78,
      "11": 580,
      "12": 10,
      "13": 10,
      "14": 5,
      "15": 10,
      "16": 580,
      "17": 518,
      "18": 44000,
      "19": 233372,
      "20": 580,
      "21": 538,
      "22": 538,
      "23": 538,
      "24": 18454,
      "25": 1182,
      "26": 17272,
      "27": 17272,
      "28": 0,
      "29": 538,
      "30": 580,
      "31": 580,
      "32": 159,
      "33": 0,
      "34": 580,
      "35": 580,
      "36": 580,
      "37": 580,
      "38": 580,
      "39": 4060,
      "40": 3480,
      "41": 580,
      "42": 580,
      "43": 181,
      "44": 9,
      "45": 9,
      "46": 4060,
      "47": 10,
      "48": 2592,
      "49": 18144,
      "50": 5,
      "51": 10,
      "52": 7,
      "53": 14,
      "54": 76,
      "55": 76,
      "56": 76,
      "57": 76,
      "58": 76,
      "59": 76,
      "60": 0,
      "61": 76,
      "62": 76,
      "63": 76,
      "64": 76,
      "65": 0,
      "66": 0,
      "67": 0,
      "68": 0,
      "69": 0,
      "70": 76,
      "71": 76
    },
    "f": {
      "0": 580,
      "1": 78,
      "2": 10,
      "3": 518,
      "4": 44000,
      "5": 233372,
      "6": 538,
      "7": 18454,
      "8": 159,
      "9": 580,
      "10": 4060,
      "11": 181,
      "12": 9,
      "13": 4060,
      "14": 10,
      "15": 2592,
      "16": 18144,
      "17": 5,
      "18": 10,
      "19": 7,
      "20": 14,
      "21": 76,
      "22": 0,
      "23": 76,
      "24": 76
    },
    "b": {
      "0": [
        5,
        5
      ],
      "1": [
        10,
        7
      ],
      "2": [
        538,
        0
      ],
      "3": [
        1182,
        17272
      ],
      "4": [
        600,
        582
      ],
      "5": [
        17272,
        0
      ],
      "6": [
        15532,
        1740
      ],
      "7": [
        0,
        159
      ],
      "8": [
        3480,
        580
      ],
      "9": [
        570,
        10
      ],
      "10": [
        226,
        354
      ],
      "11": [
        2592,
        15552
      ],
      "12": [
        640,
        1952
      ],
      "13": [
        674,
        1278
      ],
      "14": [
        640,
        1952
      ],
      "15": [
        674,
        1278
      ],
      "16": [
        354,
        226
      ],
      "17": [
        580,
        14
      ],
      "18": [
        580,
        214
      ],
      "19": [
        76,
        0
      ],
      "20": [
        76,
        0
      ],
      "21": [
        76,
        76
      ],
      "22": [
        0,
        76
      ],
      "23": [
        0,
        0
      ],
      "24": [
        0,
        0
      ]
    },
    "inputSourceMap": {
      "mappings": "AAAA,OAAO,SAAS,UAAU,SAAS,iBAAiB;AACpD,SAAS,wBAAwB;AACjC,SAAS,QAAQ,aAAa,iBAAiB;;;;AAE/C,MAAM,kBAAkB;;CACtB,MAAM,CAAC,MAAM,WAAW,SAAS,CAAC,CAAC;CACnC,MAAM,CAAC,aAAa,kBAAkB,SAAS,EAAE;CACjD,MAAM,CAAC,YAAY,iBAAiB,SAAS;EAAE,KAAK;EAAM,WAAW;CAAM,CAAC;CAC5E,MAAM,CAAC,aAAa,kBAAkB,SAAS,CAAC;CAChD,MAAM,CAAC,UAAU,eAAe,SAAS,EAAE;CAE3C,gBAAgB;EACd,QAAQ,iBAAiB,CAAC;CAC5B,GAAG,CAAC,CAAC;CAEL,MAAM,cAAc,QAAQ;EAC1B,IAAI,YAAY;EAChB,IAAI,WAAW,QAAQ,OAAO,WAAW,cAAc,OAAO;GAC5D,YAAY;EACd;EACA,cAAc;GAAE;GAAK;EAAU,CAAC;CAClC;CAEA,MAAM,eAAe,cAAc;EACjC,OAAO,KAAK,QAAO,SACjB,OAAO,OAAO,IAAI,EAAE,MAAK,QACvB,OAAO,GAAG,EAAE,YAAY,EAAE,SAAS,YAAY,YAAY,CAAC,CAC9D,CACF;CACF,GAAG,CAAC,MAAM,WAAW,CAAC;CAEtB,MAAM,aAAa,cAAc;EAC/B,IAAI,gBAAgB,CAAC,GAAG,YAAY;EACpC,IAAI,WAAW,QAAQ,MAAM;GAC3B,cAAc,MAAM,GAAG,MAAM;IAC3B,IAAI,EAAE,WAAW,OAAO,EAAE,WAAW,MAAM;KACzC,OAAO,WAAW,cAAc,QAAQ,CAAC,IAAI;IAC/C;IACA,IAAI,EAAE,WAAW,OAAO,EAAE,WAAW,MAAM;KACzC,OAAO,WAAW,cAAc,QAAQ,IAAI,CAAC;IAC/C;IACA,OAAO;GACT,CAAC;EACH;EACA,OAAO;CACT,GAAG,CAAC,cAAc,UAAU,CAAC;;CAG7B,MAAM,aAAa,KAAK,IAAI,GAAG,KAAK,KAAK,WAAW,SAAS,QAAQ,CAAC;CACtE,gBAAgB;EACd,IAAI,cAAc,YAAY;GAC5B,eAAe,UAAU;EAC3B;CACF,GAAG,CAAC,YAAY,WAAW,CAAC;CAE5B,MAAM,gBAAgB,cAAc;EAClC,MAAM,cAAc,cAAc,KAAK;EACvC,OAAO,WAAW,MAAM,YAAY,aAAa,QAAQ;CAC3D,GAAG;EAAC;EAAY;EAAa;CAAQ,CAAC;CAEtC,MAAM,UAAU;EACd;GAAE,KAAK;GAAM,OAAO;EAAK;EACzB;GAAE,KAAK;GAAQ,OAAO;EAAO;EAC7B;GAAE,KAAK;GAAS,OAAO;EAAQ;EAC/B;GAAE,KAAK;GAAU,OAAO;EAAS;EACjC;GAAE,KAAK;GAAU,OAAO;EAAS;EACjC;GAAE,KAAK;GAAW,OAAO;EAAc;EACvC;GAAE,KAAK;GAAc,OAAO;EAAc;CAC5C;CAEA,MAAM,eAAe,QAAQ;EAC3B,IAAI,WAAW,QAAQ,KAAK,OAAO,wBAAC,aAAD;GAAa,MAAM;GAAI,OAAO,EAAE,SAAS,GAAI;EAAI;;;;;EACpF,OAAO,WAAW,cAAc,QAAQ,wBAAC,WAAD,EAAW,MAAM,GAAK;;;;aAAI,wBAAC,aAAD,EAAa,MAAM,GAAK;;;;;CAC5F;CAEA,OACE,wBAAC,OAAD;EAAK,WAAU;EAAQ,OAAO,EAAE,SAAS,OAAO;YAAhD;GACE,wBAAC,MAAD;IAAI,OAAO,EAAE,WAAW,EAAE;cAAG;GAAiB;;;;;GAE9C,wBAAC,OAAD;IAAK,WAAU;cAAf,CACE,wBAAC,OAAD;KAAK,OAAO;MAAE,UAAU;MAAY,OAAO;KAAQ;eAAnD,CACE,wBAAC,QAAD;MAAQ,MAAM;MAAI,OAAO;OAAE,UAAU;OAAY,MAAM;OAAQ,KAAK;OAAO,WAAW;OAAoB,OAAO;MAAwB;KAAI;;;;eAC7I,wBAAC,SAAD;MACE,eAAY;MACZ,MAAK;MACL,aAAY;MACZ,OAAO;MACP,WAAW,MAAM,eAAe,EAAE,OAAO,KAAK;MAC9C,OAAO,EAAE,aAAa,OAAO;KAC9B;;;;aACE;;;;;cAEL,wBAAC,OAAD;KAAK,OAAO;MAAE,SAAS;MAAQ,YAAY;MAAU,KAAK;KAAS;eAAnE,CACE,wBAAC,QAAD;MAAM,OAAO;OAAE,OAAO;OAAyB,UAAU;MAAW;gBAAG;KAAoB;;;;eAC3F,wBAAC,UAAD;MACE,eAAY;MACZ,OAAO;MACP,WAAW,MAAM;OACf,YAAY,OAAO,EAAE,OAAO,KAAK,CAAC;OAClC,eAAe,CAAC;MAClB;MACA,OAAO,EAAE,OAAO,OAAO;gBAPzB;OASE,wBAAC,UAAD;QAAQ,OAAO;kBAAG;OAAS;;;;;OAC3B,wBAAC,UAAD;QAAQ,OAAO;kBAAI;OAAU;;;;;OAC7B,wBAAC,UAAD;QAAQ,OAAO;kBAAI;OAAU;;;;;OAC7B,wBAAC,UAAD;QAAQ,OAAO;kBAAI;OAAU;;;;;MACvB;;;;;aACL;;;;;YACF;;;;;;GAEL,wBAAC,OAAD;IAAK,WAAU;cACb,wBAAC,SAAD;KAAO,eAAY;eAAnB,CACE,wBAAC,SAAD,YACE,wBAAC,MAAD,YACG,QAAQ,KAAI,QACX,wBAAC,MAAD;MAEE,eAAa,gBAAgB,IAAI;MACjC,eAAe,WAAW,IAAI,GAAG;gBAEjC,wBAAC,OAAD;OAAK,OAAO;QAAE,SAAS;QAAQ,YAAY;QAAU,KAAK;OAAS;iBAAnE,CACG,IAAI,OACL,wBAAC,QAAD;QAAM,eAAa,QAAQ,IAAI;kBAC5B,YAAY,IAAI,GAAG;OAChB;;;;eACH;;;;;;KACH,GAVG,IAAI;;;;YAUP,CACL,EACC;;;;cACC;;;;eACP,wBAAC,SAAD,YACG,cAAc,SAAS,IACtB,cAAc,KAAK,KAAK,UACtB,wBAAC,MAAD;MAAiB,eAAa,aAAa;gBACxC,QAAQ,KAAI,QACX,wBAAC,MAAD,YACG,IAAI,QAAQ,WACX,wBAAC,QAAD;OAAM,OAAO;QACX,SAAS;QACT,cAAc;QACd,UAAU;QACV,YAAY;QACZ,iBAAiB,IAAI,IAAI,SAAS,WAAW,4BAC9B,IAAI,IAAI,SAAS,YAAY,4BAC7B;QACf,OAAO,IAAI,IAAI,SAAS,WAAW,YAC5B,IAAI,IAAI,SAAS,YAAY,YAC7B;OACT;iBACG,IAAI,IAAI;MACL;;;;iBAEN,IAAI,IAAI,KAER,GAnBK,IAAI;;;;aAmBT,CACL;KACC,GAvBK,IAAI;;;;YAuBT,CACL,IAED,wBAAC,MAAD,YACE,wBAAC,MAAD;MAAI,SAAS,QAAQ;MAAQ,OAAO;OAAE,WAAW;OAAU,SAAS;MAAO;gBAAG;KAE1E;;;;cACF;;;;cAED;;;;aACF;;;;;;GACJ;;;;;GAEL,wBAAC,OAAD;IAAK,eAAY;IAAsB,WAAU;cAAjD,CACE,wBAAC,OAAD;KAAK,OAAO;MAAE,OAAO;MAAyB,UAAU;KAAW;eAAnE;MAAsE;MAC3D,WAAW,WAAW,IAAI,KAAK,cAAc,KAAK,WAAW;MAAE;MAAK,KAAK,IAAI,cAAc,UAAU,WAAW,MAAM;MAAE;MAAK,WAAW;MAAO;KACrJ;;;;;cAEL,wBAAC,OAAD;KAAK,WAAU;eAAf;MACE,wBAAC,UAAD;OACE,eAAY;OACZ,WAAU;OACV,OAAO,EAAE,SAAS,cAAc;OAChC,eAAe,gBAAe,MAAK,KAAK,IAAI,GAAG,IAAI,CAAC,CAAC;OACrD,UAAU,gBAAgB,KAAK,WAAW,WAAW;iBACtD;MAEO;;;;;MAER,wBAAC,QAAD;OAAM,eAAY;OAAc,OAAO;QAAE,QAAQ;QAAU,YAAY;OAAI;iBAA3E;QAA8E;QACtE;QAAY;QAAK;OACnB;;;;;;MAEN,wBAAC,UAAD;OACE,eAAY;OACZ,WAAU;OACV,OAAO,EAAE,SAAS,cAAc;OAChC,eAAe,gBAAe,MAAK,KAAK,IAAI,YAAY,IAAI,CAAC,CAAC;OAC9D,UAAU,eAAe,cAAc,WAAW,WAAW;iBAC9D;MAEO;;;;;KACL;;;;;YACF;;;;;;EACF;;;;;;AAET;;;AAEA,eAAe",
      "names": [],
      "sources": [
        "D:/GPP/Comprehensive_Cypress_Test_Coverage/src/pages/DataTable.jsx"
      ],
      "version": 3
    },
    "_coverageSchema": "1a1c01bbd47fc00a2c39e90264f33305004495a9",
    "hash": "5c3476bee61723410fc398e6346bf7f56b913c1b"
  },
  "D:/GPP/Comprehensive_Cypress_Test_Coverage/src/pages/Settings.jsx": {
    "path": "D:/GPP/Comprehensive_Cypress_Test_Coverage/src/pages/Settings.jsx",
    "statementMap": {
      "0": {
        "start": {
          "line": 2,
          "column": 19
        },
        "end": {
          "line": 2,
          "column": 86
        }
      },
      "1": {
        "start": {
          "line": 4,
          "column": 9
        },
        "end": {
          "line": 4,
          "column": 23
        }
      },
      "2": {
        "start": {
          "line": 5,
          "column": 17
        },
        "end": {
          "line": 288,
          "column": 1
        }
      },
      "3": {
        "start": {
          "line": 6,
          "column": 1
        },
        "end": {
          "line": 6,
          "column": 6
        }
      },
      "4": {
        "start": {
          "line": 7,
          "column": 25
        },
        "end": {
          "line": 12,
          "column": 2
        }
      },
      "5": {
        "start": {
          "line": 13,
          "column": 33
        },
        "end": {
          "line": 13,
          "column": 58
        }
      },
      "6": {
        "start": {
          "line": 14,
          "column": 22
        },
        "end": {
          "line": 19,
          "column": 2
        }
      },
      "7": {
        "start": {
          "line": 15,
          "column": 2
        },
        "end": {
          "line": 18,
          "column": 6
        }
      },
      "8": {
        "start": {
          "line": 15,
          "column": 25
        },
        "end": {
          "line": 18,
          "column": 3
        }
      },
      "9": {
        "start": {
          "line": 20,
          "column": 20
        },
        "end": {
          "line": 24,
          "column": 2
        }
      },
      "10": {
        "start": {
          "line": 21,
          "column": 2
        },
        "end": {
          "line": 21,
          "column": 21
        }
      },
      "11": {
        "start": {
          "line": 22,
          "column": 2
        },
        "end": {
          "line": 22,
          "column": 43
        }
      },
      "12": {
        "start": {
          "line": 23,
          "column": 2
        },
        "end": {
          "line": 23,
          "column": 40
        }
      },
      "13": {
        "start": {
          "line": 25,
          "column": 21
        },
        "end": {
          "line": 27,
          "column": 2
        }
      },
      "14": {
        "start": {
          "line": 26,
          "column": 2
        },
        "end": {
          "line": 26,
          "column": 31
        }
      },
      "15": {
        "start": {
          "line": 28,
          "column": 1
        },
        "end": {
          "line": 287,
          "column": 10
        }
      },
      "16": {
        "start": {
          "line": 59,
          "column": 23
        },
        "end": {
          "line": 59,
          "column": 63
        }
      },
      "17": {
        "start": {
          "line": 117,
          "column": 23
        },
        "end": {
          "line": 117,
          "column": 63
        }
      },
      "18": {
        "start": {
          "line": 172,
          "column": 25
        },
        "end": {
          "line": 172,
          "column": 72
        }
      },
      "19": {
        "start": {
          "line": 214,
          "column": 25
        },
        "end": {
          "line": 214,
          "column": 83
        }
      },
      "20": {
        "start": {
          "line": 289,
          "column": 0
        },
        "end": {
          "line": 289,
          "column": 45
        }
      },
      "21": {
        "start": {
          "line": 290,
          "column": 0
        },
        "end": {
          "line": 290,
          "column": 14
        }
      },
      "22": {
        "start": {
          "line": 293,
          "column": 0
        },
        "end": {
          "line": 293,
          "column": 29
        }
      },
      "23": {
        "start": {
          "line": 295,
          "column": 20
        },
        "end": {
          "line": 295,
          "column": 97
        }
      },
      "24": {
        "start": {
          "line": 297,
          "column": 0
        },
        "end": {
          "line": 313,
          "column": 1
        }
      },
      "25": {
        "start": {
          "line": 298,
          "column": 2
        },
        "end": {
          "line": 302,
          "column": 3
        }
      },
      "26": {
        "start": {
          "line": 299,
          "column": 4
        },
        "end": {
          "line": 301,
          "column": 6
        }
      },
      "27": {
        "start": {
          "line": 304,
          "column": 25
        },
        "end": {
          "line": 304,
          "column": 52
        }
      },
      "28": {
        "start": {
          "line": 305,
          "column": 2
        },
        "end": {
          "line": 312,
          "column": 5
        }
      },
      "29": {
        "start": {
          "line": 306,
          "column": 4
        },
        "end": {
          "line": 306,
          "column": 135
        }
      },
      "30": {
        "start": {
          "line": 307,
          "column": 4
        },
        "end": {
          "line": 311,
          "column": 7
        }
      },
      "31": {
        "start": {
          "line": 308,
          "column": 6
        },
        "end": {
          "line": 308,
          "column": 31
        }
      },
      "32": {
        "start": {
          "line": 308,
          "column": 24
        },
        "end": {
          "line": 308,
          "column": 31
        }
      },
      "33": {
        "start": {
          "line": 309,
          "column": 32
        },
        "end": {
          "line": 309,
          "column": 184
        }
      },
      "34": {
        "start": {
          "line": 310,
          "column": 6
        },
        "end": {
          "line": 310,
          "column": 75
        }
      },
      "35": {
        "start": {
          "line": 310,
          "column": 29
        },
        "end": {
          "line": 310,
          "column": 75
        }
      },
      "36": {
        "start": {
          "line": 314,
          "column": 34
        },
        "end": {
          "line": 314,
          "column": 151
        }
      },
      "37": {
        "start": {
          "line": 315,
          "column": 26
        },
        "end": {
          "line": 315,
          "column": 86
        }
      },
      "38": {
        "start": {
          "line": 5,
          "column": 17
        },
        "end": {
          "line": 308,
          "column": 1
        }
      },
      "39": {
        "start": {
          "line": 14,
          "column": 39
        },
        "end": {
          "line": 14,
          "column": 54
        }
      },
      "40": {
        "start": {
          "line": 15,
          "column": 22
        },
        "end": {
          "line": 20,
          "column": 2
        }
      },
      "41": {
        "start": {
          "line": 16,
          "column": 2
        },
        "end": {
          "line": 19,
          "column": 6
        }
      },
      "42": {
        "start": {
          "line": 16,
          "column": 25
        },
        "end": {
          "line": 19,
          "column": 3
        }
      },
      "43": {
        "start": {
          "line": 21,
          "column": 20
        },
        "end": {
          "line": 26,
          "column": 2
        }
      },
      "44": {
        "start": {
          "line": 22,
          "column": 2
        },
        "end": {
          "line": 22,
          "column": 21
        }
      },
      "45": {
        "start": {
          "line": 23,
          "column": 2
        },
        "end": {
          "line": 23,
          "column": 43
        }
      },
      "46": {
        "start": {
          "line": 24,
          "column": 2
        },
        "end": {
          "line": 24,
          "column": 23
        }
      },
      "47": {
        "start": {
          "line": 25,
          "column": 2
        },
        "end": {
          "line": 25,
          "column": 47
        }
      },
      "48": {
        "start": {
          "line": 25,
          "column": 19
        },
        "end": {
          "line": 25,
          "column": 40
        }
      },
      "49": {
        "start": {
          "line": 27,
          "column": 21
        },
        "end": {
          "line": 29,
          "column": 2
        }
      },
      "50": {
        "start": {
          "line": 28,
          "column": 2
        },
        "end": {
          "line": 28,
          "column": 31
        }
      },
      "51": {
        "start": {
          "line": 30,
          "column": 1
        },
        "end": {
          "line": 307,
          "column": 10
        }
      },
      "52": {
        "start": {
          "line": 78,
          "column": 24
        },
        "end": {
          "line": 78,
          "column": 64
        }
      },
      "53": {
        "start": {
          "line": 136,
          "column": 24
        },
        "end": {
          "line": 136,
          "column": 64
        }
      },
      "54": {
        "start": {
          "line": 191,
          "column": 26
        },
        "end": {
          "line": 191,
          "column": 73
        }
      },
      "55": {
        "start": {
          "line": 233,
          "column": 26
        },
        "end": {
          "line": 233,
          "column": 84
        }
      },
      "56": {
        "start": {
          "line": 309,
          "column": 0
        },
        "end": {
          "line": 309,
          "column": 45
        }
      },
      "57": {
        "start": {
          "line": 310,
          "column": 0
        },
        "end": {
          "line": 310,
          "column": 14
        }
      },
      "58": {
        "start": {
          "line": 313,
          "column": 0
        },
        "end": {
          "line": 313,
          "column": 29
        }
      },
      "59": {
        "start": {
          "line": 315,
          "column": 20
        },
        "end": {
          "line": 315,
          "column": 97
        }
      },
      "60": {
        "start": {
          "line": 317,
          "column": 0
        },
        "end": {
          "line": 333,
          "column": 1
        }
      },
      "61": {
        "start": {
          "line": 318,
          "column": 2
        },
        "end": {
          "line": 322,
          "column": 3
        }
      },
      "62": {
        "start": {
          "line": 319,
          "column": 4
        },
        "end": {
          "line": 321,
          "column": 6
        }
      },
      "63": {
        "start": {
          "line": 324,
          "column": 25
        },
        "end": {
          "line": 324,
          "column": 52
        }
      },
      "64": {
        "start": {
          "line": 325,
          "column": 2
        },
        "end": {
          "line": 332,
          "column": 5
        }
      },
      "65": {
        "start": {
          "line": 326,
          "column": 4
        },
        "end": {
          "line": 326,
          "column": 135
        }
      },
      "66": {
        "start": {
          "line": 327,
          "column": 4
        },
        "end": {
          "line": 331,
          "column": 7
        }
      },
      "67": {
        "start": {
          "line": 328,
          "column": 6
        },
        "end": {
          "line": 328,
          "column": 31
        }
      },
      "68": {
        "start": {
          "line": 328,
          "column": 24
        },
        "end": {
          "line": 328,
          "column": 31
        }
      },
      "69": {
        "start": {
          "line": 329,
          "column": 32
        },
        "end": {
          "line": 329,
          "column": 184
        }
      },
      "70": {
        "start": {
          "line": 330,
          "column": 6
        },
        "end": {
          "line": 330,
          "column": 75
        }
      },
      "71": {
        "start": {
          "line": 330,
          "column": 29
        },
        "end": {
          "line": 330,
          "column": 75
        }
      },
      "72": {
[...]
        "locations": [
          {
            "start": {
              "line": 315,
              "column": 20
            },
            "end": {
              "line": 315,
              "column": 60
            }
          },
          {
            "start": {
              "line": 315,
              "column": 64
            },
            "end": {
              "line": 315,
              "column": 97
            }
          }
        ],
        "line": 315
      },
      "10": {
        "loc": {
          "start": {
            "line": 317,
            "column": 0
          },
          "end": {
            "line": 333,
            "column": 1
          }
        },
        "type": "if",
        "locations": [
          {
            "start": {
              "line": 317,
              "column": 0
            },
            "end": {
              "line": 333,
              "column": 1
            }
          },
          {
            "start": {},
            "end": {}
          }
        ],
        "line": 317
      },
      "11": {
        "loc": {
          "start": {
            "line": 317,
            "column": 4
          },
          "end": {
            "line": 317,
            "column": 35
          }
        },
        "type": "binary-expr",
        "locations": [
          {
            "start": {
              "line": 317,
              "column": 4
            },
            "end": {
              "line": 317,
              "column": 19
            }
          },
          {
            "start": {
              "line": 317,
              "column": 23
            },
            "end": {
              "line": 317,
              "column": 35
            }
          }
        ],
        "line": 317
      },
      "12": {
        "loc": {
          "start": {
            "line": 318,
            "column": 2
          },
          "end": {
            "line": 322,
            "column": 3
          }
        },
        "type": "if",
        "locations": [
          {
            "start": {
              "line": 318,
              "column": 2
            },
            "end": {
              "line": 322,
              "column": 3
            }
          },
          {
            "start": {},
            "end": {}
          }
        ],
        "line": 318
      },
      "13": {
        "loc": {
          "start": {
            "line": 328,
            "column": 6
          },
          "end": {
            "line": 328,
            "column": 31
          }
        },
        "type": "if",
        "locations": [
          {
            "start": {
              "line": 328,
              "column": 6
            },
            "end": {
              "line": 328,
              "column": 31
            }
          },
          {
            "start": {},
            "end": {}
          }
        ],
        "line": 328
      },
      "14": {
        "loc": {
          "start": {
            "line": 330,
            "column": 6
          },
          "end": {
            "line": 330,
            "column": 75
          }
        },
        "type": "if",
        "locations": [
          {
            "start": {
              "line": 330,
              "column": 6
            },
            "end": {
              "line": 330,
              "column": 75
            }
          },
          {
            "start": {},
            "end": {}
          }
        ],
        "line": 330
      }
    },
    "s": {
      "0": 76,
      "1": 76,
      "2": 76,
      "3": 114,
      "4": 114,
      "5": 114,
      "6": 84,
      "7": 44,
      "8": 84,
      "9": 84,
      "10": 35,
      "11": 65,
      "12": 5,
      "13": 84,
      "14": 37,
      "15": 84,
      "16": 70,
      "17": 66,
      "18": 65,
      "19": 65,
      "20": 106,
      "21": 106,
      "22": 106,
      "23": 106,
      "24": 42,
      "25": 106,
      "26": 64,
      "27": 106,
      "28": 42,
      "29": 106,
      "30": 42,
      "31": 0,
      "32": 0,
      "33": 0,
      "34": 0,
      "35": 0,
      "36": 42,
      "37": 76,
      "38": 34,
      "39": 114,
      "40": 106,
      "41": 58,
      "42": 74,
      "43": 106,
      "44": 5,
      "45": 54,
      "46": 46,
      "47": 46,
      "48": 42,
      "49": 106,
      "50": 52,
      "51": 64,
      "52": 58,
      "53": 52,
      "54": 52,
      "55": 54,
      "56": 76,
      "57": 76,
      "58": 34,
      "59": 34,
      "60": 34,
      "61": 34,
      "62": 0,
      "63": 34,
      "64": 34,
      "65": 34,
      "66": 34,
      "67": 0,
      "68": 0,
      "69": 0,
      "70": 0,
      "71": 0,
      "72": 34,
      "73": 34
    },
    "f": {
      "0": 114,
      "1": 74,
      "2": 84,
      "3": 65,
      "4": 67,
      "5": 70,
      "6": 66,
      "7": 65,
      "8": 65,
      "9": 42,
      "10": 0,
      "11": 42,
      "12": 42,
      "13": 64,
      "14": 66,
      "15": 82,
      "16": 54,
      "17": 50,
      "18": 52,
      "19": 58,
      "20": 52,
      "21": 52,
      "22": 54,
      "23": 34,
      "24": 0,
      "25": 34,
      "26": 34
    },
    "b": {
      "0": [
        0,
        1
      ],
      "1": [
        42,
        0
      ],
      "2": [
        42,
        0
      ],
      "3": [
        42,
        42
      ],
      "4": [
        0,
        42
      ],
      "5": [
        0,
        0
      ],
      "6": [
        0,
        0
      ],
      "7": [
        64,
        8
      ],
      "8": [
        0,
        4
      ],
      "9": [
        34,
        0
      ],
      "10": [
        34,
        0
      ],
      "11": [
        34,
        34
      ],
      "12": [
        0,
        34
      ],
      "13": [
        0,
        0
      ],
      "14": [
        0,
        0
      ]
    },
    "inputSourceMap": {
      "mappings": "AAAA,OAAO,SAAS,gBAAgB;;;;AAEhC,MAAM,iBAAiB;;CACrB,MAAM,kBAAkB;EACtB,UAAU;EACV,UAAU;EACV,eAAe;EACf,OAAO;CACT;CAEA,MAAM,CAAC,UAAU,eAAe,SAAS,eAAe;CAExD,MAAM,gBAAgB,KAAK,UAAU;EACnC,aAAY,UAAS;GAAE,GAAG;IAAO,MAAM;EAAM,EAAE;CACjD;CAEA,MAAM,cAAc,MAAM;EACxB,EAAE,eAAe;EACjB,QAAQ,IAAI,mBAAmB,QAAQ;EACvC,MAAM,8BAA8B;CACtC;CAEA,MAAM,oBAAoB;EACxB,YAAY,eAAe;CAC7B;CAEA,OACE,wBAAC,OAAD;EAAK,WAAU;EAAQ,OAAO,EAAE,SAAS,OAAO;YAAhD,CACE,wBAAC,MAAD;GAAI,OAAO;IAAE,WAAW;IAAG,cAAc;GAAO;aAAG;EAAwB;;;;YAE3E,wBAAC,QAAD;GAAM,eAAY;GAAgB,WAAU;GAAgB,UAAU;aAAtE;IAEE,wBAAC,OAAD;KAAK,WAAU;eAAf,CACE,wBAAC,SAAD;MAAO,SAAQ;gBAAkB;KAAuB;;;;eACxD,wBAAC,UAAD;MACE,IAAG;MACH,eAAY;MACZ,OAAO,SAAS;MAChB,WAAW,MAAM,aAAa,YAAY,EAAE,OAAO,KAAK;gBAJ1D;OAME,wBAAC,UAAD;QAAQ,OAAM;kBAAM;OAAe;;;;;OACnC,wBAAC,UAAD;QAAQ,OAAM;kBAAM;OAAe;;;;;OACnC,wBAAC,UAAD;QAAQ,OAAM;kBAAM;OAAe;;;;;OACnC,wBAAC,UAAD;QAAQ,OAAM;kBAAM;OAAe;;;;;MAC7B;;;;;aACL;;;;;;IAEL,wBAAC,OAAD;KAAK,WAAU;eAAf,CACE,wBAAC,SAAD;MAAO,SAAQ;gBAAkB;KAAe;;;;eAChD,wBAAC,UAAD;MACE,IAAG;MACH,eAAY;MACZ,OAAO,SAAS;MAChB,WAAW,MAAM,aAAa,YAAY,EAAE,OAAO,KAAK;gBAJ1D;OAME,wBAAC,UAAD;QAAQ,OAAM;kBAAM;OAAwC;;;;;OAC5D,wBAAC,UAAD;QAAQ,OAAM;kBAAM;OAAmC;;;;;OACvD,wBAAC,UAAD;QAAQ,OAAM;kBAAM;OAAmC;;;;;OACvD,wBAAC,UAAD;QAAQ,OAAM;kBAAM;OAAmC;;;;;MACjD;;;;;aACL;;;;;;IAEL,wBAAC,OAAD;KAAK,WAAU;eACb,wBAAC,OAAD;MAAK,WAAU;gBAAf,CACE,wBAAC,SAAD;OAAO,WAAU;iBAAjB,CACE,wBAAC,SAAD;QACE,MAAK;QACL,eAAY;QACZ,SAAS,SAAS;QAClB,WAAW,MAAM,aAAa,iBAAiB,EAAE,OAAO,OAAO;OAChE;;;;iBACD,wBAAC,QAAD,EAAM,WAAU,SAAe;;;;eAC1B;;;;;gBACP,wBAAC,QAAD;OAAM,OAAO,EAAE,OAAO,wBAAwB;iBAAG;MAAgC;;;;cAC9E;;;;;;IACF;;;;;IAEL,wBAAC,OAAD;KAAK,WAAU;eACb,wBAAC,OAAD;MAAK,WAAU;gBAAf,CACE,wBAAC,SAAD;OAAO,WAAU;iBAAjB,CACE,wBAAC,SAAD;QACE,MAAK;QACL,eAAY;QACZ,SAAS,SAAS,UAAU;QAC5B,WAAW,MAAM,aAAa,SAAS,EAAE,OAAO,UAAU,SAAS,OAAO;OAC3E;;;;iBACD,wBAAC,QAAD,EAAM,WAAU,SAAe;;;;eAC1B;;;;;gBACP,wBAAC,QAAD;OAAM,OAAO,EAAE,OAAO,wBAAwB;iBAAG;MAAe;;;;cAC7D;;;;;;IACF;;;;;IAEL,wBAAC,OAAD;KAAK,WAAU;KAAe,OAAO;MAAE,YAAY;MAAQ,WAAW;KAA0B;eAAhG,CACE,wBAAC,UAAD;MACE,MAAK;MACL,eAAY;MACZ,WAAU;gBACX;KAEO;;;;eAER,wBAAC,UAAD;MACE,MAAK;MACL,eAAY;MACZ,WAAU;MACV,SAAS;gBACV;KAEO;;;;aACL;;;;;;GAED;;;;;UACH;;;;;;AAET;;;AAEA,eAAe",
      "names": [],
      "sources": [
        "D:/GPP/Comprehensive_Cypress_Test_Coverage/src/pages/Settings.jsx"
      ],
      "version": 3
    },
    "_coverageSchema": "1a1c01bbd47fc00a2c39e90264f33305004495a9",
    "hash": "c48ee1a2113f2a623c9c21272ec10460c3a80ed0"
  },
  "D:/GPP/Comprehensive_Cypress_Test_Coverage/src/App.jsx": {
    "path": "D:/GPP/Comprehensive_Cypress_Test_Coverage/src/App.jsx",
    "statementMap": {
      "0": {
        "start": {
          "line": 7,
          "column": 19
        },
        "end": {
          "line": 7,
          "column": 75
        }
      },
      "1": {
        "start": {
          "line": 10,
          "column": 1
        },
        "end": {
          "line": 194,
          "column": 10
        }
      },
      "2": {
        "start": {
          "line": 196,
          "column": 0
        },
        "end": {
          "line": 196,
          "column": 9
        }
      },
      "3": {
        "start": {
          "line": 199,
          "column": 0
        },
        "end": {
          "line": 199,
          "column": 24
        }
      },
      "4": {
        "start": {
          "line": 201,
          "column": 20
        },
        "end": {
          "line": 201,
          "column": 97
        }
      },
      "5": {
        "start": {
          "line": 203,
          "column": 0
        },
        "end": {
          "line": 219,
          "column": 1
        }
      },
      "6": {
        "start": {
          "line": 204,
          "column": 2
        },
        "end": {
          "line": 208,
          "column": 3
        }
      },
      "7": {
        "start": {
          "line": 205,
          "column": 4
        },
        "end": {
          "line": 207,
          "column": 6
        }
      },
      "8": {
        "start": {
          "line": 210,
          "column": 25
        },
        "end": {
          "line": 210,
          "column": 52
        }
      },
      "9": {
        "start": {
          "line": 211,
          "column": 2
        },
        "end": {
          "line": 218,
          "column": 5
        }
      },
      "10": {
        "start": {
          "line": 212,
          "column": 4
        },
        "end": {
          "line": 212,
          "column": 124
        }
      },
      "11": {
        "start": {
          "line": 213,
          "column": 4
        },
        "end": {
          "line": 217,
          "column": 7
        }
      },
      "12": {
        "start": {
          "line": 214,
          "column": 6
        },
        "end": {
          "line": 214,
          "column": 31
        }
      },
      "13": {
        "start": {
          "line": 214,
          "column": 24
        },
        "end": {
          "line": 214,
          "column": 31
        }
      },
      "14": {
        "start": {
          "line": 215,
          "column": 32
        },
        "end": {
          "line": 215,
          "column": 173
        }
      },
      "15": {
        "start": {
          "line": 216,
          "column": 6
        },
        "end": {
          "line": 216,
          "column": 75
        }
      },
      "16": {
        "start": {
          "line": 216,
          "column": 29
        },
        "end": {
          "line": 216,
          "column": 75
        }
      },
      "17": {
        "start": {
          "line": 220,
          "column": 34
        },
        "end": {
          "line": 220,
          "column": 140
        }
      },
      "18": {
        "start": {
          "line": 221,
          "column": 26
        },
        "end": {
          "line": 221,
          "column": 86
        }
      }
    },
    "fnMap": {
      "0": {
        "name": "App",
        "decl": {
          "start": {
            "line": 9,
            "column": 9
          },
          "end": {
            "line": 9,
            "column": 12
          }
        },
        "loc": {
          "start": {
            "line": 9,
            "column": 15
          },
          "end": {
            "line": 195,
            "column": 1
          }
        },
        "line": 9
      },
      "1": {
        "name": "(anonymous_1)",
        "decl": {
          "start": {
            "line": 211,
            "column": 17
          },
          "end": {
            "line": 211,
            "column": 18
          }
        },
        "loc": {
          "start": {
            "line": 211,
            "column": 23
          },
          "end": {
            "line": 218,
            "column": 3
          }
        },
        "line": 211
      },
      "2": {
        "name": "(anonymous_2)",
        "decl": {
          "start": {
            "line": 213,
            "column": 27
          },
          "end": {
            "line": 213,
            "column": 28
          }
        },
        "loc": {
          "start": {
            "line": 213,
            "column": 44
          },
          "end": {
            "line": 217,
            "column": 5
          }
        },
        "line": 213
      },
      "3": {
        "name": "$RefreshReg$",
        "decl": {
          "start": {
            "line": 220,
            "column": 9
          },
          "end": {
            "line": 220,
            "column": 21
          }
        },
        "loc": {
          "start": {
            "line": 220,
            "column": 32
          },
          "end": {
            "line": 220,
            "column": 142
          }
        },
        "line": 220
      },
      "4": {
        "name": "$RefreshSig$",
        "decl": {
          "start": {
            "line": 221,
            "column": 9
          },
          "end": {
            "line": 221,
            "column": 21
          }
        },
        "loc": {
          "start": {
            "line": 221,
            "column": 24
          },
          "end": {
            "line": 221,
            "column": 88
          }
        },
        "line": 221
      }
    },
    "branchMap": {
      "0": {
        "loc": {
          "start": {
            "line": 201,
            "column": 20
          },
          "end": {
            "line": 201,
            "column": 97
          }
        },
        "type": "binary-expr",
        "locations": [
          {
            "start": {
              "line": 201,
              "column": 20
            },
            "end": {
              "line": 201,
              "column": 60
            }
          },
          {
            "start": {
              "line": 201,
              "column": 64
            },
            "end": {
              "line": 201,
              "column": 97
            }
          }
        ],
        "line": 201
      },
      "1": {
        "loc": {
          "start": {
            "line": 203,
            "column": 0
          },
          "end": {
            "line": 219,
            "column": 1
          }
        },
        "type": "if",
        "locations": [
          {
            "start": {
              "line": 203,
              "column": 0
            },
            "end": {
              "line": 219,
              "column": 1
            }
          },
          {
            "start": {},
            "end": {}
          }
        ],
        "line": 203
      },
      "2": {
        "loc": {
          "start": {
            "line": 203,
            "column": 4
          },
          "end": {
            "line": 203,
            "column": 35
          }
        },
        "type": "binary-expr",
        "locations": [
          {
            "start": {
              "line": 203,
              "column": 4
            },
            "end": {
              "line": 203,
              "column": 19
            }
          },
          {
            "start": {
              "line": 203,
              "column": 23
            },
            "end": {
              "line": 203,
              "column": 35
            }
          }
        ],
        "line": 203
      },
      "3": {
        "loc": {
          "start": {
            "line": 204,
            "column": 2
          },
          "end": {
            "line": 208,
            "column": 3
          }
        },
        "type": "if",
        "locations": [
          {
            "start": {
              "line": 204,
              "column": 2
            },
            "end": {
              "line": 208,
              "column": 3
            }
          },
          {
            "start": {},
            "end": {}
          }
        ],
        "line": 204
      },
      "4": {
        "loc": {
          "start": {
            "line": 214,
            "column": 6
          },
          "end": {
            "line": 214,
            "column": 31
          }
        },
        "type": "if",
        "locations": [
          {
            "start": {
              "line": 214,
              "column": 6
            },
            "end": {
              "line": 214,
              "column": 31
            }
          },
          {
            "start": {},
            "end": {}
          }
        ],
        "line": 214
      },
      "5": {
        "loc": {
          "start": {
            "line": 216,
            "column": 6
          },
          "end": {
            "line": 216,
            "column": 75
          }
        },
        "type": "if",
        "locations": [
          {
            "start": {
              "line": 216,
              "column": 6
            },
            "end": {
              "line": 216,
              "column": 75
            }
          },
          {
            "start": {},
            "end": {}
          }
        ],
        "line": 216
      }
    },
    "s": {
      "0": 76,
      "1": 152,
      "2": 76,
      "3": 76,
      "4": 76,
      "5": 76,
      "6": 76,
      "7": 0,
      "8": 76,
      "9": 76,
      "10": 76,
      "11": 76,
      "12": 0,
      "13": 0,
      "14": 0,
      "15": 0,
      "16": 0,
      "17": 76,
      "18": 0
    },
    "f": {
      "0": 152,
      "1": 76,
      "2": 0,
      "3": 76,
      "4": 0
    },
    "b": {
      "0": [
        76,
        0
      ],
      "1": [
        76,
        0
      ],
      "2": [
        76,
        76
      ],
      "3": [
        0,
        76
      ],
      "4": [
        0,
        0
      ],
      "5": [
        0,
        0
      ]
    },
    "inputSourceMap": {
      "mappings": "AAAA,OAAO,WAAW;AAClB,SAAS,iBAAiB,QAAQ,QAAQ,OAAO,SAAS,gBAAgB;AAC1E,OAAO,eAAe;AACtB,OAAO,eAAe;AACtB,OAAO,cAAc;AACrB,SAAS,iBAAiB,OAAO,YAAY,oBAAoB;;;AAEjE,SAAS,MAAM;CACb,OACE,wBAAC,QAAD,YACE,wBAAC,OAAD;EAAK,WAAU;YAAf,CACE,wBAAC,SAAD;GAAO,WAAU;aAAjB,CACE,wBAAC,OAAD;IAAK,OAAO;KAAE,cAAc;KAAQ,SAAS;IAAS;cACpD,wBAAC,MAAD;KAAI,OAAO;MAAE,QAAQ;MAAG,OAAO;MAAS,SAAS;MAAQ,YAAY;MAAU,KAAK;KAAS;eAA7F,CACE,wBAAC,OAAD,EAAK,OAAO;MAAE,OAAO;MAAQ,QAAQ;MAAQ,cAAc;MAAO,YAAY;KAAgB,EAAQ;;;;eAAC,WAErG;;;;;;GACD;;;;aACL,wBAAC,OAAD;IACE,wBAAC,SAAD;KAAS,IAAG;KAAa,OAAO;MAAE,SAAS;MAAQ,YAAY;MAAU,KAAK;KAAS;eAAvF,CACE,wBAAC,iBAAD,EAAiB,MAAM,GAAK;;;;eAAC,YACtB;;;;;;IACT,wBAAC,SAAD;KAAS,IAAG;KAAQ,OAAO;MAAE,SAAS;MAAQ,YAAY;MAAU,KAAK;KAAS;eAAlF,CACE,wBAAC,OAAD,EAAO,MAAM,GAAK;;;;eAAC,aACZ;;;;;;IACT,wBAAC,SAAD;KAAS,IAAG;KAAY,OAAO;MAAE,SAAS;MAAQ,YAAY;MAAU,KAAK;KAAS;eAAtF,CACE,wBAAC,cAAD,EAAc,MAAM,GAAK;;;;eAAC,WACnB;;;;;;GACN;;;;WACA;;;;;YAEP,wBAAC,QAAD;GAAM,WAAU;aACd,wBAAC,QAAD;IACE,wBAAC,OAAD;KAAO,MAAK;KAAI,SAAS,wBAAC,UAAD;MAAU,IAAG;MAAa;KAAS;;;;;IAAI;;;;;IAChE,wBAAC,OAAD;KAAO,MAAK;KAAI,SAAS,wBAAC,UAAD;MAAU,IAAG;MAAa;KAAS;;;;;IAAI;;;;;IAChE,wBAAC,OAAD;KAAO,MAAK;KAAa,SAAS,wBAAC,WAAD,CAAY;;;;;IAAI;;;;;IAClD,wBAAC,OAAD;KAAO,MAAK;KAAQ,SAAS,wBAAC,WAAD,CAAY;;;;;IAAI;;;;;IAC7C,wBAAC,OAAD;KAAO,MAAK;KAAY,SAAS,wBAAC,UAAD,CAAW;;;;;IAAI;;;;;GAC1C;;;;;EACJ;;;;UACH;;;;;UACC;;;;;AAEZ;;AAEA,eAAe",
      "names": [],
      "sources": [
        "D:/GPP/Comprehensive_Cypress_Test_Coverage/src/App.jsx"
      ],
      "version": 3
    },
    "_coverageSchema": "1a1c01bbd47fc00a2c39e90264f33305004495a9",
    "hash": "bb7a0ed05c5346b7421b0d88e93e055b11b42628"
  }
}