<?xml version="1.0" encoding="UTF-8"?>
<coverage generated="1782546352117" clover="3.2.0">
  <project timestamp="1782546352117" name="All files">
    <metrics statements="75" coveredstatements="72" conditionals="32" coveredconditionals="30" methods="36" coveredmethods="35" elements="143" coveredelements="137" complexity="0" loc="75" ncloc="75" packages="2" files="5" classes="5"/>
    <package name="src">
      <metrics statements="8" coveredstatements="8" conditionals="0" coveredconditionals="0" methods="2" coveredmethods="2"/>
      <file name="App.jsx" path="D:/GPP/Comprehensive_Cypress_Test_Coverage/src/App.jsx">
        <metrics statements="0" coveredstatements="0" conditionals="0" coveredconditionals="0" methods="1" coveredmethods="1"/>
      </file>
      <file name="mockData.js" path="D:/GPP/Comprehensive_Cypress_Test_Coverage/src/mockData.js">
        <metrics statements="8" coveredstatements="8" conditionals="0" coveredconditionals="0" methods="1" coveredmethods="1"/>
        <line num="1" count="42" type="stmt"/>
        <line num="2" count="42" type="stmt"/>
        <line num="3" count="42" type="stmt"/>
        <line num="4" count="42" type="stmt"/>
        <line num="6" count="42" type="stmt"/>
        <line num="7" count="4200" type="stmt"/>
        <line num="17" count="42" type="stmt"/>
        <line num="20" count="42" type="stmt"/>
      </file>
    </package>
    <package name="src.pages">
      <metrics statements="67" coveredstatements="64" conditionals="32" coveredconditionals="30" methods="34" coveredmethods="33"/>
      <file name="Dashboard.jsx" path="D:/GPP/Comprehensive_Cypress_Test_Coverage/src/pages/Dashboard.jsx">
        <metrics statements="7" coveredstatements="6" conditionals="0" coveredconditionals="0" methods="4" coveredmethods="3"/>
        <line num="5" count="42" type="stmt"/>
        <line num="6" count="36" type="stmt"/>
        <line num="8" count="36" type="stmt"/>
        <line num="10" count="3" type="stmt"/>
        <line num="13" count="36" type="stmt"/>
        <line num="15" count="3" type="stmt"/>
        <line num="30" count="0" type="stmt"/>
      </file>
      <file name="DataTable.jsx" path="D:/GPP/Comprehensive_Cypress_Test_Coverage/src/pages/DataTable.jsx">
        <metrics statements="45" coveredstatements="43" conditionals="30" coveredconditionals="29" methods="21" coveredmethods="21"/>
        <line num="5" count="42" type="stmt"/>
        <line num="6" count="288" type="stmt"/>
        <line num="7" count="288" type="stmt"/>
        <line num="8" count="288" type="stmt"/>
        <line num="9" count="288" type="stmt"/>
        <line num="10" count="288" type="stmt"/>
        <line num="12" count="288" type="stmt"/>
        <line num="13" count="42" type="stmt"/>
        <line num="16" count="288" type="stmt"/>
        <line num="17" count="6" type="stmt"/>
        <line num="18" count="6" type="cond" truecount="3" falsecount="0"/>
        <line num="19" count="3" type="stmt"/>
        <line num="21" count="6" type="stmt"/>
        <line num="24" count="288" type="stmt"/>
        <line num="25" count="258" type="stmt"/>
        <line num="26" count="21600" type="stmt"/>
        <line num="27" count="122012" type="stmt"/>
        <line num="32" count="288" type="stmt"/>
        <line num="33" count="270" type="stmt"/>
        <line num="34" count="270" type="cond" truecount="1" falsecount="0"/>
        <line num="35" count="270" type="stmt"/>
        <line num="36" count="9258" type="cond" truecount="1" falsecount="0"/>
        <line num="37" count="1182" type="cond" truecount="2" falsecount="0"/>
        <line num="39" count="8076" type="cond" truecount="1" falsecount="0"/>
        <line num="40" count="8076" type="cond" truecount="2" falsecount="0"/>
        <line num="42" count="0" type="stmt"/>
        <line num="45" count="270" type="stmt"/>
        <line num="49" count="288" type="stmt"/>
        <line num="50" count="288" type="stmt"/>
        <line num="51" count="81" type="cond" truecount="0" falsecount="1"/>
        <line num="52" count="0" type="stmt"/>
        <line num="56" count="288" type="stmt"/>
        <line num="57" count="288" type="stmt"/>
        <line num="58" count="288" type="stmt"/>
        <line num="61" count="288" type="stmt"/>
        <line num="71" count="288" type="stmt"/>
        <line num="88" count="87" type="stmt"/>
        <line num="99" count="3" type="stmt"/>
        <line num="100" count="3" type="stmt"/>
        <line num="117" count="2016" type="stmt"/>
        <line num="120" count="6" type="stmt"/>
        <line num="135" count="960" type="stmt"/>
        <line num="137" count="6720" type="stmt"/>
        <line num="181" count="6" type="stmt"/>
        <line num="195" count="6" type="stmt"/>
      </file>
      <file name="Settings.jsx" path="D:/GPP/Comprehensive_Cypress_Test_Coverage/src/pages/Settings.jsx">
        <metrics statements="15" coveredstatements="15" conditionals="2" coveredconditionals="1" methods="9" coveredmethods="9"/>
        <line num="3" count="42" type="stmt"/>
        <line num="4" count="50" type="stmt"/>
        <line num="11" count="50" type="stmt"/>
        <line num="13" count="50" type="stmt"/>
        <line num="14" count="20" type="stmt"/>
        <line num="17" count="50" type="stmt"/>
        <line num="18" count="1" type="stmt"/>
        <line num="19" count="1" type="stmt"/>
        <line num="20" count="1" type="stmt"/>
        <line num="23" count="50" type="stmt"/>
        <line num="24" count="3" type="stmt"/>
        <line num="39" count="6" type="stmt"/>
        <line num="54" count="2" type="stmt"/>
        <line num="70" count="1" type="stmt"/>
        <line num="85" count="1" type="cond" truecount="1" falsecount="1"/>
      </file>
    </package>
  </project>
</coverage>
