<?xml version="1.0" encoding="UTF-8"?>
<coverage generated="1784374719281" clover="3.2.0">
  <project timestamp="1784374719281" name="All files">
    <metrics statements="80" coveredstatements="78" conditionals="34" coveredconditionals="32" methods="42" coveredmethods="42" elements="156" coveredelements="152" complexity="0" loc="80" ncloc="80" packages="2" files="5" classes="5"/>
    <package name="src">
      <metrics statements="8" coveredstatements="8" conditionals="0" coveredconditionals="0" methods="2" coveredmethods="2"/>
      <file name="App.jsx" path="D:/GPP/Comprehensive_Cypress_Test_Coverage/src/App.jsx">
        <metrics statements="0" coveredstatements="0" conditionals="0" coveredconditionals="0" methods="1" coveredmethods="1"/>
      </file>
      <file name="mockData.js" path="D:/GPP/Comprehensive_Cypress_Test_Coverage/src/mockData.js">
        <metrics statements="8" coveredstatements="8" conditionals="0" coveredconditionals="0" methods="1" coveredmethods="1"/>
        <line num="1" count="76" type="stmt"/>
        <line num="2" count="78" type="stmt"/>
        <line num="3" count="78" type="stmt"/>
        <line num="4" count="78" type="stmt"/>
        <line num="6" count="78" type="stmt"/>
        <line num="7" count="7800" type="stmt"/>
        <line num="17" count="78" type="stmt"/>
        <line num="20" count="76" type="stmt"/>
      </file>
    </package>
    <package name="src.pages">
      <metrics statements="72" coveredstatements="70" conditionals="34" coveredconditionals="32" methods="40" coveredmethods="40"/>
      <file name="Dashboard.jsx" path="D:/GPP/Comprehensive_Cypress_Test_Coverage/src/pages/Dashboard.jsx">
        <metrics statements="7" coveredstatements="7" conditionals="0" coveredconditionals="0" methods="4" coveredmethods="4"/>
        <line num="5" count="76" type="stmt"/>
        <line num="6" count="68" type="stmt"/>
        <line num="8" count="68" type="stmt"/>
        <line num="10" count="5" type="stmt"/>
        <line num="13" count="68" type="stmt"/>
        <line num="15" count="5" type="stmt"/>
        <line num="30" count="4" type="stmt"/>
      </file>
      <file name="DataTable.jsx" path="D:/GPP/Comprehensive_Cypress_Test_Coverage/src/pages/DataTable.jsx">
        <metrics statements="45" coveredstatements="43" conditionals="30" coveredconditionals="29" methods="21" coveredmethods="21"/>
        <line num="5" count="76" type="stmt"/>
        <line num="6" count="580" type="stmt"/>
        <line num="7" count="580" type="stmt"/>
        <line num="8" count="580" type="stmt"/>
        <line num="9" count="580" type="stmt"/>
        <line num="10" count="580" type="stmt"/>
        <line num="12" count="580" type="stmt"/>
        <line num="13" count="78" type="stmt"/>
        <line num="16" count="580" type="stmt"/>
        <line num="17" count="10" type="stmt"/>
        <line num="18" count="10" type="cond" truecount="3" falsecount="0"/>
        <line num="19" count="5" type="stmt"/>
        <line num="21" count="10" type="stmt"/>
        <line num="24" count="580" type="stmt"/>
        <line num="25" count="518" type="stmt"/>
        <line num="26" count="44000" type="stmt"/>
        <line num="27" count="233372" type="stmt"/>
        <line num="32" count="580" type="stmt"/>
        <line num="33" count="538" type="stmt"/>
        <line num="34" count="538" type="cond" truecount="1" falsecount="0"/>
        <line num="35" count="538" type="stmt"/>
        <line num="36" count="18454" type="cond" truecount="1" falsecount="0"/>
        <line num="37" count="1182" type="cond" truecount="2" falsecount="0"/>
        <line num="39" count="17272" type="cond" truecount="1" falsecount="0"/>
        <line num="40" count="17272" type="cond" truecount="2" falsecount="0"/>
        <line num="42" count="0" type="stmt"/>
        <line num="45" count="538" type="stmt"/>
        <line num="49" count="580" type="stmt"/>
        <line num="50" count="580" type="stmt"/>
        <line num="51" count="159" type="cond" truecount="0" falsecount="1"/>
        <line num="52" count="0" type="stmt"/>
        <line num="56" count="580" type="stmt"/>
        <line num="57" count="580" type="stmt"/>
        <line num="58" count="580" type="stmt"/>
        <line num="61" count="580" type="stmt"/>
        <line num="71" count="580" type="stmt"/>
        <line num="88" count="181" type="stmt"/>
        <line num="99" count="9" type="stmt"/>
        <line num="100" count="9" type="stmt"/>
        <line num="117" count="4060" type="stmt"/>
        <line num="120" count="10" type="stmt"/>
        <line num="135" count="2592" type="stmt"/>
        <line num="137" count="18144" type="stmt"/>
        <line num="181" count="10" type="stmt"/>
        <line num="195" count="14" type="stmt"/>
      </file>
      <file name="Settings.jsx" path="D:/GPP/Comprehensive_Cypress_Test_Coverage/src/pages/Settings.jsx">
        <metrics statements="20" coveredstatements="20" conditionals="4" coveredconditionals="3" methods="15" coveredmethods="15"/>
        <line num="3" count="76" type="stmt"/>
        <line num="4" count="114" type="stmt"/>
        <line num="11" count="114" type="stmt"/>
        <line num="13" count="114" type="stmt"/>
        <line num="14" count="106" type="stmt"/>
        <line num="17" count="84" type="stmt"/>
        <line num="18" count="106" type="stmt"/>
        <line num="19" count="65" type="stmt"/>
        <line num="20" count="59" type="stmt"/>
        <line num="21" count="46" type="stmt"/>
        <line num="23" count="84" type="stmt"/>
        <line num="24" count="37" type="stmt"/>
        <line num="25" count="106" type="stmt"/>
        <line num="27" count="52" type="stmt"/>
        <line num="39" count="70" type="stmt"/>
        <line num="43" count="58" type="stmt"/>
        <line num="54" count="66" type="stmt"/>
        <line num="58" count="52" type="stmt"/>
        <line num="70" count="65" type="stmt"/>
        <line num="85" count="65" type="cond" truecount="1" falsecount="1"/>
      </file>
    </package>
  </project>
</coverage>
