{"total": {"lines":{"total":80,"covered":78,"skipped":0,"pct":97.5},"statements":{"total":92,"covered":90,"skipped":0,"pct":97.82},"functions":{"total":42,"covered":42,"skipped":0,"pct":100},"branches":{"total":34,"covered":32,"skipped":0,"pct":94.11},"branchesTrue":{"total":0,"covered":0,"skipped":0,"pct":100}}
,"D:/GPP/Comprehensive_Cypress_Test_Coverage/src/App.jsx": {"lines":{"total":0,"covered":0,"skipped":0,"pct":100},"functions":{"total":1,"covered":1,"skipped":0,"pct":100},"statements":{"total":0,"covered":0,"skipped":0,"pct":100},"branches":{"total":0,"covered":0,"skipped":0,"pct":100}}
,"D:/GPP/Comprehensive_Cypress_Test_Coverage/src/mockData.js": {"lines":{"total":8,"covered":8,"skipped":0,"pct":100},"functions":{"total":1,"covered":1,"skipped":0,"pct":100},"statements":{"total":9,"covered":9,"skipped":0,"pct":100},"branches":{"total":0,"covered":0,"skipped":0,"pct":100}}
,"D:/GPP/Comprehensive_Cypress_Test_Coverage/src/pages/Dashboard.jsx": {"lines":{"total":7,"covered":7,"skipped":0,"pct":100},"functions":{"total":4,"covered":4,"skipped":0,"pct":100},"statements":{"total":7,"covered":7,"skipped":0,"pct":100},"branches":{"total":0,"covered":0,"skipped":0,"pct":100}}
,"D:/GPP/Comprehensive_Cypress_Test_Coverage/src/pages/DataTable.jsx": {"lines":{"total":45,"covered":43,"skipped":0,"pct":95.55},"functions":{"total":21,"covered":21,"skipped":0,"pct":100},"statements":{"total":47,"covered":45,"skipped":0,"pct":95.74},"branches":{"total":30,"covered":29,"skipped":0,"pct":96.66}}
,"D:/GPP/Comprehensive_Cypress_Test_Coverage/src/pages/Settings.jsx": {"lines":{"total":20,"covered":20,"skipped":0,"pct":100},"functions":{"total":15,"covered":15,"skipped":0,"pct":100},"statements":{"total":29,"covered":29,"skipped":0,"pct":100},"branches":{"total":4,"covered":3,"skipped":0,"pct":75}}
}
