{"total": {"lines":{"total":75,"covered":72,"skipped":0,"pct":96},"statements":{"total":79,"covered":76,"skipped":0,"pct":96.2},"functions":{"total":36,"covered":35,"skipped":0,"pct":97.22},"branches":{"total":32,"covered":30,"skipped":0,"pct":93.75},"branchesTrue":{"total":0,"covered":0,"skipped":0,"pct":100}}
,"D:/GPP/Comprehensive_Cypress_Test_Coverage/src/App.jsx": {"lines":{"total":0,"covered":0,"skipped":0,"pct":100},"functions":{"total":1,"covered":1,"skipped":0,"pct":100},"statements":{"total":0,"covered":0,"skipped":0,"pct":100},"branches":{"total":0,"covered":0,"skipped":0,"pct":100}}
,"D:/GPP/Comprehensive_Cypress_Test_Coverage/src/mockData.js": {"lines":{"total":8,"covered":8,"skipped":0,"pct":100},"functions":{"total":1,"covered":1,"skipped":0,"pct":100},"statements":{"total":9,"covered":9,"skipped":0,"pct":100},"branches":{"total":0,"covered":0,"skipped":0,"pct":100}}
,"D:/GPP/Comprehensive_Cypress_Test_Coverage/src/pages/Dashboard.jsx": {"lines":{"total":7,"covered":6,"skipped":0,"pct":85.71},"functions":{"total":4,"covered":3,"skipped":0,"pct":75},"statements":{"total":7,"covered":6,"skipped":0,"pct":85.71},"branches":{"total":0,"covered":0,"skipped":0,"pct":100}}
,"D:/GPP/Comprehensive_Cypress_Test_Coverage/src/pages/DataTable.jsx": {"lines":{"total":45,"covered":43,"skipped":0,"pct":95.55},"functions":{"total":21,"covered":21,"skipped":0,"pct":100},"statements":{"total":47,"covered":45,"skipped":0,"pct":95.74},"branches":{"total":30,"covered":29,"skipped":0,"pct":96.66}}
,"D:/GPP/Comprehensive_Cypress_Test_Coverage/src/pages/Settings.jsx": {"lines":{"total":15,"covered":15,"skipped":0,"pct":100},"functions":{"total":9,"covered":9,"skipped":0,"pct":100},"statements":{"total":16,"covered":16,"skipped":0,"pct":100},"branches":{"total":2,"covered":1,"skipped":0,"pct":50}}
}
