TN:
SF:src\App.jsx
FN:8,App
FNF:1
FNH:1
FNDA:84,App
LF:0
LH:0
BRF:0
BRH:0
end_of_record
TN:
SF:src\mockData.js
FN:1,(anonymous_0)
FNF:1
FNH:1
FNDA:42,(anonymous_0)
DA:1,42
DA:2,42
DA:3,42
DA:4,42
DA:6,42
DA:7,4200
DA:17,42
DA:20,42
LF:8
LH:8
BRF:0
BRH:0
end_of_record
TN:
SF:src\pages\Dashboard.jsx
FN:5,(anonymous_0)
FN:8,(anonymous_1)
FN:13,(anonymous_2)
FN:30,(anonymous_3)
FNF:4
FNH:3
FNDA:36,(anonymous_0)
FNDA:3,(anonymous_1)
FNDA:3,(anonymous_2)
FNDA:0,(anonymous_3)
DA:5,42
DA:6,36
DA:8,36
DA:10,3
DA:13,36
DA:15,3
DA:30,0
LF:7
LH:6
BRF:0
BRH:0
end_of_record
TN:
SF:src\pages\DataTable.jsx
FN:5,(anonymous_0)
FN:12,(anonymous_1)
FN:16,(anonymous_2)
FN:24,(anonymous_3)
FN:25,(anonymous_4)
FN:26,(anonymous_5)
FN:32,(anonymous_6)
FN:35,(anonymous_7)
FN:50,(anonymous_8)
FN:56,(anonymous_9)
FN:71,(anonymous_10)
FN:88,(anonymous_11)
FN:98,(anonymous_12)
FN:116,(anonymous_13)
FN:120,(anonymous_14)
FN:134,(anonymous_15)
FN:136,(anonymous_16)
FN:181,(anonymous_17)
FN:181,(anonymous_18)
FN:195,(anonymous_19)
FN:195,(anonymous_20)
FNF:21
FNH:21
FNDA:288,(anonymous_0)
FNDA:42,(anonymous_1)
FNDA:6,(anonymous_2)
FNDA:258,(anonymous_3)
FNDA:21600,(anonymous_4)
FNDA:122012,(anonymous_5)
FNDA:270,(anonymous_6)
FNDA:9258,(anonymous_7)
FNDA:81,(anonymous_8)
FNDA:288,(anonymous_9)
FNDA:2016,(anonymous_10)
FNDA:87,(anonymous_11)
FNDA:3,(anonymous_12)
FNDA:2016,(anonymous_13)
FNDA:6,(anonymous_14)
FNDA:960,(anonymous_15)
FNDA:6720,(anonymous_16)
FNDA:3,(anonymous_17)
FNDA:6,(anonymous_18)
FNDA:3,(anonymous_19)
FNDA:6,(anonymous_20)
DA:5,42
DA:6,288
DA:7,288
DA:8,288
DA:9,288
DA:10,288
DA:12,288
DA:13,42
DA:16,288
DA:17,6
DA:18,6
DA:19,3
DA:21,6
DA:24,288
DA:25,258
DA:26,21600
DA:27,122012
DA:32,288
DA:33,270
DA:34,270
DA:35,270
DA:36,9258
DA:37,1182
DA:39,8076
DA:40,8076
DA:42,0
DA:45,270
DA:49,288
DA:50,288
DA:51,81
DA:52,0
DA:56,288
DA:57,288
DA:58,288
DA:61,288
DA:71,288
DA:88,87
DA:99,3
DA:100,3
DA:117,2016
DA:120,6
DA:135,960
DA:137,6720
DA:181,6
DA:195,6
LF:45
LH:43
BRDA:18,0,0,3
BRDA:18,1,0,6
BRDA:18,1,1,3
BRDA:34,2,0,270
BRDA:36,3,0,1182
BRDA:37,4,0,600
BRDA:37,4,1,582
BRDA:39,5,0,8076
BRDA:40,6,0,6732
BRDA:40,6,1,1344
BRDA:51,7,0,0
BRDA:73,8,0,282
BRDA:133,9,0,90
BRDA:133,9,1,198
BRDA:138,10,0,960
BRDA:138,10,1,5760
BRDA:144,11,0,256
BRDA:144,11,1,704
BRDA:145,12,0,242
BRDA:145,12,1,462
BRDA:147,13,0,256
BRDA:147,13,1,704
BRDA:148,14,0,242
BRDA:148,14,1,462
BRDA:173,15,0,198
BRDA:173,15,1,90
BRDA:182,16,0,288
BRDA:182,16,1,6
BRDA:196,17,0,288
BRDA:196,17,1,90
BRF:30
BRH:29
end_of_record
TN:
SF:src\pages\Settings.jsx
FN:3,(anonymous_0)
FN:13,(anonymous_1)
FN:14,(anonymous_2)
FN:17,(anonymous_3)
FN:23,(anonymous_4)
FN:39,(anonymous_5)
FN:54,(anonymous_6)
FN:70,(anonymous_7)
FN:85,(anonymous_8)
FNF:9
FNH:9
FNDA:50,(anonymous_0)
FNDA:10,(anonymous_1)
FNDA:20,(anonymous_2)
FNDA:1,(anonymous_3)
FNDA:3,(anonymous_4)
FNDA:6,(anonymous_5)
FNDA:2,(anonymous_6)
FNDA:1,(anonymous_7)
FNDA:1,(anonymous_8)
DA:3,42
DA:4,50
DA:11,50
DA:13,50
DA:14,20
DA:17,50
DA:18,1
DA:19,1
DA:20,1
DA:23,50
DA:24,3
DA:39,6
DA:54,2
DA:70,1
DA:85,1
LF:15
LH:15
BRDA:85,0,0,0
BRDA:85,0,1,1
BRF:2
BRH:1
end_of_record
